2019-12-04 15:39:35 +0900:[3268]:exec: request.params={}
2019-12-04 16:26:45 +0900:[24183]:exec: request.params={}
2019-12-04 16:27:12 +0900:[24322]:exec: request.params={}
2019-12-04 16:29:05 +0900:[24818]:exec: request.params={}
2019-12-04 16:29:05 +0900:[24818]:proc executed
2019-12-04 16:29:05 +0900:[24818]:proc executed
2019-12-04 16:29:05 +0900:[24818]:proc executed
2019-12-04 16:29:05 +0900:[24818]:proc executed
2019-12-04 16:29:05 +0900:[24818]:proc executed
2019-12-04 16:29:05 +0900:[24818]:proc executed
2019-12-04 16:29:05 +0900:[24818]:proc executed
2019-12-04 16:29:05 +0900:[24818]:proc executed
2019-12-04 16:29:05 +0900:[24818]:proc executed
2019-12-04 16:29:05 +0900:[24818]:proc executed
2019-12-04 16:29:05 +0900:[24818]:proc executed
2019-12-04 16:29:05 +0900:[24818]:proc executed
2019-12-04 16:29:05 +0900:[24818]:proc executed
2019-12-04 16:29:05 +0900:[24818]:proc executed
2019-12-04 16:29:05 +0900:[24818]:proc executed
2019-12-04 16:29:32 +0900:[24818]:exec: request.params={}
2019-12-04 16:29:32 +0900:[24818]:proc executed
2019-12-04 16:29:32 +0900:[24818]:proc executed
2019-12-04 16:29:32 +0900:[24818]:proc executed
2019-12-04 16:29:32 +0900:[24818]:proc executed
2019-12-04 16:29:32 +0900:[24818]:proc executed
2019-12-04 16:29:32 +0900:[24818]:proc executed
2019-12-04 16:29:32 +0900:[24818]:proc executed
2019-12-04 16:29:32 +0900:[24818]:proc executed
2019-12-04 16:29:32 +0900:[24818]:proc executed
2019-12-04 16:29:32 +0900:[24818]:proc executed
2019-12-04 16:29:32 +0900:[24818]:proc executed
2019-12-04 16:29:32 +0900:[24818]:proc executed
2019-12-04 16:29:32 +0900:[24818]:proc executed
2019-12-04 16:29:32 +0900:[24818]:proc executed
2019-12-04 16:29:32 +0900:[24818]:proc executed
2019-12-04 16:30:22 +0900:[25284]:exec: request.params={}
2019-12-04 16:30:22 +0900:[25284]:proc executed
2019-12-04 16:30:22 +0900:[25284]:deco: {:tag=>"checkbox", :name=>"checkbox_id_1", :value=>1, :label=>1}
2019-12-04 16:30:22 +0900:[25284]:proc executed
2019-12-04 16:30:22 +0900:[25284]:deco: 山田　太郎
2019-12-04 16:30:22 +0900:[25284]:proc executed
2019-12-04 16:30:22 +0900:[25284]:deco: 
2019-12-04 16:30:22 +0900:[25284]:proc executed
2019-12-04 16:30:22 +0900:[25284]:deco: 812-0054
2019-12-04 16:30:22 +0900:[25284]:proc executed
2019-12-04 16:30:22 +0900:[25284]:deco: 茨城県
2019-12-04 16:30:22 +0900:[25284]:proc executed
2019-12-04 16:30:22 +0900:[25284]:deco: {:tag=>"checkbox", :name=>"checkbox_id_2", :value=>2, :label=>2}
2019-12-04 16:30:22 +0900:[25284]:proc executed
2019-12-04 16:30:22 +0900:[25284]:deco: 蒲池 正幸
2019-12-04 16:30:22 +0900:[25284]:proc executed
2019-12-04 16:30:22 +0900:[25284]:deco: 
2019-12-04 16:30:22 +0900:[25284]:proc executed
2019-12-04 16:30:22 +0900:[25284]:deco: 812-0054
2019-12-04 16:30:22 +0900:[25284]:proc executed
2019-12-04 16:30:22 +0900:[25284]:deco: 福岡県
2019-12-04 16:30:22 +0900:[25284]:proc executed
2019-12-04 16:30:22 +0900:[25284]:deco: {:tag=>"checkbox", :name=>"checkbox_id_3", :value=>3, :label=>3}
2019-12-04 16:30:22 +0900:[25284]:proc executed
2019-12-04 16:30:22 +0900:[25284]:deco: 蒲池 正幸
2019-12-04 16:30:22 +0900:[25284]:proc executed
2019-12-04 16:30:22 +0900:[25284]:deco: 
2019-12-04 16:30:22 +0900:[25284]:proc executed
2019-12-04 16:30:22 +0900:[25284]:deco: 812-0054
2019-12-04 16:30:22 +0900:[25284]:proc executed
2019-12-04 16:30:22 +0900:[25284]:deco: 福岡県
2019-12-04 16:31:18 +0900:[25435]:exec: request.params={}
2019-12-04 16:31:19 +0900:[25435]:proc executed
2019-12-04 16:31:19 +0900:[25435]:deco: {:tag=>"checkbox", :name=>"checkbox_id_1", :value=>1, :label=>1}
2019-12-04 16:31:19 +0900:[25435]:proc executed
2019-12-04 16:31:19 +0900:[25435]:deco: {:tag=>"a", :href=>"/admin/detail?id=1", :child=>"山田　太郎"}
2019-12-04 16:31:19 +0900:[25435]:proc executed
2019-12-04 16:31:19 +0900:[25435]:deco: 
2019-12-04 16:31:19 +0900:[25435]:proc executed
2019-12-04 16:31:19 +0900:[25435]:deco: 812-0054
2019-12-04 16:31:19 +0900:[25435]:proc executed
2019-12-04 16:31:19 +0900:[25435]:deco: 茨城県
2019-12-04 16:31:19 +0900:[25435]:proc executed
2019-12-04 16:31:19 +0900:[25435]:deco: {:tag=>"checkbox", :name=>"checkbox_id_2", :value=>2, :label=>2}
2019-12-04 16:31:19 +0900:[25435]:proc executed
2019-12-04 16:31:19 +0900:[25435]:deco: {:tag=>"a", :href=>"/admin/detail?id=2", :child=>"蒲池 正幸"}
2019-12-04 16:31:19 +0900:[25435]:proc executed
2019-12-04 16:31:19 +0900:[25435]:deco: 
2019-12-04 16:31:19 +0900:[25435]:proc executed
2019-12-04 16:31:19 +0900:[25435]:deco: 812-0054
2019-12-04 16:31:19 +0900:[25435]:proc executed
2019-12-04 16:31:19 +0900:[25435]:deco: 福岡県
2019-12-04 16:31:19 +0900:[25435]:proc executed
2019-12-04 16:31:19 +0900:[25435]:deco: {:tag=>"checkbox", :name=>"checkbox_id_3", :value=>3, :label=>3}
2019-12-04 16:31:19 +0900:[25435]:proc executed
2019-12-04 16:31:19 +0900:[25435]:deco: {:tag=>"a", :href=>"/admin/detail?id=3", :child=>"蒲池 正幸"}
2019-12-04 16:31:19 +0900:[25435]:proc executed
2019-12-04 16:31:19 +0900:[25435]:deco: 
2019-12-04 16:31:19 +0900:[25435]:proc executed
2019-12-04 16:31:19 +0900:[25435]:deco: 812-0054
2019-12-04 16:31:19 +0900:[25435]:proc executed
2019-12-04 16:31:19 +0900:[25435]:deco: 福岡県
2019-12-04 16:31:21 +0900:[25435]:exec: request.params={"id"=>"1"}
2019-12-04 16:31:54 +0900:[25532]:exec: request.params={"id"=>"1"}
2019-12-04 16:31:57 +0900:[25532]:exec: request.params={}
2019-12-04 16:31:57 +0900:[25532]:proc executed
2019-12-04 16:31:57 +0900:[25532]:deco: {:tag=>"checkbox", :name=>"checkbox_id_1", :value=>1, :label=>1}
2019-12-04 16:31:57 +0900:[25532]:proc executed
2019-12-04 16:31:57 +0900:[25532]:deco: {:tag=>"a", :href=>"/admin/detail?id=1", :child=>"山田　太郎"}
2019-12-04 16:31:57 +0900:[25532]:proc executed
2019-12-04 16:31:57 +0900:[25532]:deco: 
2019-12-04 16:31:57 +0900:[25532]:proc executed
2019-12-04 16:31:57 +0900:[25532]:deco: 812-0054
2019-12-04 16:31:57 +0900:[25532]:proc executed
2019-12-04 16:31:57 +0900:[25532]:deco: 茨城県
2019-12-04 16:31:57 +0900:[25532]:proc executed
2019-12-04 16:31:57 +0900:[25532]:deco: {:tag=>"checkbox", :name=>"checkbox_id_2", :value=>2, :label=>2}
2019-12-04 16:31:57 +0900:[25532]:proc executed
2019-12-04 16:31:57 +0900:[25532]:deco: {:tag=>"a", :href=>"/admin/detail?id=2", :child=>"蒲池 正幸"}
2019-12-04 16:31:57 +0900:[25532]:proc executed
2019-12-04 16:31:57 +0900:[25532]:deco: 
2019-12-04 16:31:57 +0900:[25532]:proc executed
2019-12-04 16:31:57 +0900:[25532]:deco: 812-0054
2019-12-04 16:31:57 +0900:[25532]:proc executed
2019-12-04 16:31:57 +0900:[25532]:deco: 福岡県
2019-12-04 16:31:57 +0900:[25532]:proc executed
2019-12-04 16:31:57 +0900:[25532]:deco: {:tag=>"checkbox", :name=>"checkbox_id_3", :value=>3, :label=>3}
2019-12-04 16:31:57 +0900:[25532]:proc executed
2019-12-04 16:31:57 +0900:[25532]:deco: {:tag=>"a", :href=>"/admin/detail?id=3", :child=>"蒲池 正幸"}
2019-12-04 16:31:57 +0900:[25532]:proc executed
2019-12-04 16:31:57 +0900:[25532]:deco: 
2019-12-04 16:31:57 +0900:[25532]:proc executed
2019-12-04 16:31:57 +0900:[25532]:deco: 812-0054
2019-12-04 16:31:57 +0900:[25532]:proc executed
2019-12-04 16:31:57 +0900:[25532]:deco: 福岡県
2019-12-04 16:31:59 +0900:[25532]:exec: request.params={"id"=>"1"}
2019-12-04 16:32:31 +0900:[25724]:exec: request.params={"id"=>"1"}
2019-12-04 16:40:38 +0900:[25724]:exec: request.params={"id"=>"2"}
2019-12-04 17:05:50 +0900:[29276]:exec: request.params={}
2019-12-04 17:06:50 +0900:[29700]:exec: request.params={}
2019-12-04 17:06:50 +0900:[29700]:proc executed
2019-12-04 17:06:50 +0900:[29700]:deco: {:tag=>"checkbox", :name=>"checkbox_id_1", :value=>1, :label=>1}
2019-12-04 17:06:50 +0900:[29700]:proc executed
2019-12-04 17:06:50 +0900:[29700]:deco: {:tag=>"a", :href=>"/admin/detail?id=1", :child=>"山田　太郎"}
2019-12-04 17:06:50 +0900:[29700]:proc executed
2019-12-04 17:06:50 +0900:[29700]:deco: 
2019-12-04 17:06:50 +0900:[29700]:proc executed
2019-12-04 17:06:50 +0900:[29700]:deco: 812-0054
2019-12-04 17:06:50 +0900:[29700]:proc executed
2019-12-04 17:06:50 +0900:[29700]:deco: 茨城県
2019-12-04 17:06:50 +0900:[29700]:proc executed
2019-12-04 17:06:50 +0900:[29700]:deco: {:tag=>"checkbox", :name=>"checkbox_id_2", :value=>2, :label=>2}
2019-12-04 17:06:50 +0900:[29700]:proc executed
2019-12-04 17:06:50 +0900:[29700]:deco: {:tag=>"a", :href=>"/admin/detail?id=2", :child=>"蒲池 正幸"}
2019-12-04 17:06:50 +0900:[29700]:proc executed
2019-12-04 17:06:50 +0900:[29700]:deco: 
2019-12-04 17:06:50 +0900:[29700]:proc executed
2019-12-04 17:06:50 +0900:[29700]:deco: 812-0054
2019-12-04 17:06:50 +0900:[29700]:proc executed
2019-12-04 17:06:50 +0900:[29700]:deco: 福岡県
2019-12-04 17:06:50 +0900:[29700]:proc executed
2019-12-04 17:06:50 +0900:[29700]:deco: {:tag=>"checkbox", :name=>"checkbox_id_3", :value=>3, :label=>3}
2019-12-04 17:06:50 +0900:[29700]:proc executed
2019-12-04 17:06:50 +0900:[29700]:deco: {:tag=>"a", :href=>"/admin/detail?id=3", :child=>"蒲池 正幸"}
2019-12-04 17:06:50 +0900:[29700]:proc executed
2019-12-04 17:06:50 +0900:[29700]:deco: 
2019-12-04 17:06:50 +0900:[29700]:proc executed
2019-12-04 17:06:50 +0900:[29700]:deco: 812-0054
2019-12-04 17:06:50 +0900:[29700]:proc executed
2019-12-04 17:06:50 +0900:[29700]:deco: 福岡県
2019-12-04 17:06:53 +0900:[29700]:exec: request.params={"id"=>"1"}
2019-12-04 17:07:50 +0900:[29881]:exec: request.params={"id"=>"1"}
2019-12-04 17:07:52 +0900:[29881]:exec: request.params={}
2019-12-04 17:07:52 +0900:[29881]:proc executed
2019-12-04 17:07:52 +0900:[29881]:deco: {:tag=>"checkbox", :name=>"checkbox_id_1", :value=>1, :label=>1}
2019-12-04 17:07:52 +0900:[29881]:proc executed
2019-12-04 17:07:52 +0900:[29881]:deco: {:tag=>"a", :href=>"/admin/detail?id=1", :child=>"山田　太郎"}
2019-12-04 17:07:52 +0900:[29881]:proc executed
2019-12-04 17:07:52 +0900:[29881]:deco: 
2019-12-04 17:07:52 +0900:[29881]:proc executed
2019-12-04 17:07:52 +0900:[29881]:deco: 812-0054
2019-12-04 17:07:52 +0900:[29881]:proc executed
2019-12-04 17:07:52 +0900:[29881]:deco: 茨城県
2019-12-04 17:07:52 +0900:[29881]:proc executed
2019-12-04 17:07:52 +0900:[29881]:deco: {:tag=>"checkbox", :name=>"checkbox_id_2", :value=>2, :label=>2}
2019-12-04 17:07:52 +0900:[29881]:proc executed
2019-12-04 17:07:52 +0900:[29881]:deco: {:tag=>"a", :href=>"/admin/detail?id=2", :child=>"蒲池 正幸"}
2019-12-04 17:07:52 +0900:[29881]:proc executed
2019-12-04 17:07:52 +0900:[29881]:deco: 
2019-12-04 17:07:52 +0900:[29881]:proc executed
2019-12-04 17:07:52 +0900:[29881]:deco: 812-0054
2019-12-04 17:07:52 +0900:[29881]:proc executed
2019-12-04 17:07:52 +0900:[29881]:deco: 福岡県
2019-12-04 17:07:52 +0900:[29881]:proc executed
2019-12-04 17:07:52 +0900:[29881]:deco: {:tag=>"checkbox", :name=>"checkbox_id_3", :value=>3, :label=>3}
2019-12-04 17:07:52 +0900:[29881]:proc executed
2019-12-04 17:07:52 +0900:[29881]:deco: {:tag=>"a", :href=>"/admin/detail?id=3", :child=>"蒲池 正幸"}
2019-12-04 17:07:52 +0900:[29881]:proc executed
2019-12-04 17:07:52 +0900:[29881]:deco: 
2019-12-04 17:07:52 +0900:[29881]:proc executed
2019-12-04 17:07:52 +0900:[29881]:deco: 812-0054
2019-12-04 17:07:52 +0900:[29881]:proc executed
2019-12-04 17:07:52 +0900:[29881]:deco: 福岡県
2019-12-04 17:07:53 +0900:[29881]:exec: request.params={"id"=>"1"}
2019-12-04 17:08:31 +0900:[29881]:exec: request.params={"id"=>"1"}
2019-12-04 17:08:33 +0900:[29881]:exec: request.params={}
2019-12-04 17:08:33 +0900:[29881]:proc executed
2019-12-04 17:08:33 +0900:[29881]:deco: {:tag=>"checkbox", :name=>"checkbox_id_1", :value=>1, :label=>1}
2019-12-04 17:08:33 +0900:[29881]:proc executed
2019-12-04 17:08:33 +0900:[29881]:deco: {:tag=>"a", :href=>"/admin/detail?id=1", :child=>"山田　太郎"}
2019-12-04 17:08:33 +0900:[29881]:proc executed
2019-12-04 17:08:33 +0900:[29881]:deco: 
2019-12-04 17:08:33 +0900:[29881]:proc executed
2019-12-04 17:08:33 +0900:[29881]:deco: 812-0054
2019-12-04 17:08:33 +0900:[29881]:proc executed
2019-12-04 17:08:33 +0900:[29881]:deco: 茨城県
2019-12-04 17:08:33 +0900:[29881]:proc executed
2019-12-04 17:08:33 +0900:[29881]:deco: {:tag=>"checkbox", :name=>"checkbox_id_2", :value=>2, :label=>2}
2019-12-04 17:08:33 +0900:[29881]:proc executed
2019-12-04 17:08:33 +0900:[29881]:deco: {:tag=>"a", :href=>"/admin/detail?id=2", :child=>"蒲池 正幸"}
2019-12-04 17:08:33 +0900:[29881]:proc executed
2019-12-04 17:08:33 +0900:[29881]:deco: 
2019-12-04 17:08:33 +0900:[29881]:proc executed
2019-12-04 17:08:33 +0900:[29881]:deco: 812-0054
2019-12-04 17:08:33 +0900:[29881]:proc executed
2019-12-04 17:08:33 +0900:[29881]:deco: 福岡県
2019-12-04 17:08:33 +0900:[29881]:proc executed
2019-12-04 17:08:33 +0900:[29881]:deco: {:tag=>"checkbox", :name=>"checkbox_id_3", :value=>3, :label=>3}
2019-12-04 17:08:33 +0900:[29881]:proc executed
2019-12-04 17:08:33 +0900:[29881]:deco: {:tag=>"a", :href=>"/admin/detail?id=3", :child=>"蒲池 正幸"}
2019-12-04 17:08:33 +0900:[29881]:proc executed
2019-12-04 17:08:33 +0900:[29881]:deco: 
2019-12-04 17:08:33 +0900:[29881]:proc executed
2019-12-04 17:08:33 +0900:[29881]:deco: 812-0054
2019-12-04 17:08:33 +0900:[29881]:proc executed
2019-12-04 17:08:33 +0900:[29881]:deco: 福岡県
2019-12-04 17:09:53 +0900:[29881]:exec: request.params={}
2019-12-04 17:09:53 +0900:[29881]:proc executed
2019-12-04 17:09:53 +0900:[29881]:deco: {:tag=>"checkbox", :name=>"checkbox_id_1", :value=>1, :label=>1}
2019-12-04 17:09:53 +0900:[29881]:proc executed
2019-12-04 17:09:53 +0900:[29881]:deco: {:tag=>"a", :href=>"/admin/detail?id=1", :child=>"山田　太郎"}
2019-12-04 17:09:53 +0900:[29881]:proc executed
2019-12-04 17:09:53 +0900:[29881]:deco: 
2019-12-04 17:09:53 +0900:[29881]:proc executed
2019-12-04 17:09:53 +0900:[29881]:deco: 812-0054
2019-12-04 17:09:53 +0900:[29881]:proc executed
2019-12-04 17:09:53 +0900:[29881]:deco: 茨城県
2019-12-04 17:09:53 +0900:[29881]:proc executed
2019-12-04 17:09:53 +0900:[29881]:deco: {:tag=>"checkbox", :name=>"checkbox_id_2", :value=>2, :label=>2}
2019-12-04 17:09:53 +0900:[29881]:proc executed
2019-12-04 17:09:53 +0900:[29881]:deco: {:tag=>"a", :href=>"/admin/detail?id=2", :child=>"蒲池 正幸"}
2019-12-04 17:09:53 +0900:[29881]:proc executed
2019-12-04 17:09:53 +0900:[29881]:deco: 
2019-12-04 17:09:53 +0900:[29881]:proc executed
2019-12-04 17:09:53 +0900:[29881]:deco: 812-0054
2019-12-04 17:09:53 +0900:[29881]:proc executed
2019-12-04 17:09:53 +0900:[29881]:deco: 福岡県
2019-12-04 17:09:53 +0900:[29881]:proc executed
2019-12-04 17:09:53 +0900:[29881]:deco: {:tag=>"checkbox", :name=>"checkbox_id_3", :value=>3, :label=>3}
2019-12-04 17:09:53 +0900:[29881]:proc executed
2019-12-04 17:09:53 +0900:[29881]:deco: {:tag=>"a", :href=>"/admin/detail?id=3", :child=>"蒲池 正幸"}
2019-12-04 17:09:53 +0900:[29881]:proc executed
2019-12-04 17:09:53 +0900:[29881]:deco: 
2019-12-04 17:09:53 +0900:[29881]:proc executed
2019-12-04 17:09:53 +0900:[29881]:deco: 812-0054
2019-12-04 17:09:53 +0900:[29881]:proc executed
2019-12-04 17:09:53 +0900:[29881]:deco: 福岡県
2019-12-04 17:09:58 +0900:[29881]:exec: request.params={}
2019-12-04 17:09:58 +0900:[29881]:proc executed
2019-12-04 17:09:58 +0900:[29881]:deco: {:tag=>"checkbox", :name=>"checkbox_id_1", :value=>1, :label=>1}
2019-12-04 17:09:58 +0900:[29881]:proc executed
2019-12-04 17:09:58 +0900:[29881]:deco: {:tag=>"a", :href=>"/admin/detail?id=1", :child=>"山田　太郎"}
2019-12-04 17:09:58 +0900:[29881]:proc executed
2019-12-04 17:09:58 +0900:[29881]:deco: 
2019-12-04 17:09:58 +0900:[29881]:proc executed
2019-12-04 17:09:58 +0900:[29881]:deco: 812-0054
2019-12-04 17:09:58 +0900:[29881]:proc executed
2019-12-04 17:09:58 +0900:[29881]:deco: 茨城県
2019-12-04 17:09:58 +0900:[29881]:proc executed
2019-12-04 17:09:58 +0900:[29881]:deco: {:tag=>"checkbox", :name=>"checkbox_id_2", :value=>2, :label=>2}
2019-12-04 17:09:58 +0900:[29881]:proc executed
2019-12-04 17:09:58 +0900:[29881]:deco: {:tag=>"a", :href=>"/admin/detail?id=2", :child=>"蒲池 正幸"}
2019-12-04 17:09:58 +0900:[29881]:proc executed
2019-12-04 17:09:58 +0900:[29881]:deco: 
2019-12-04 17:09:58 +0900:[29881]:proc executed
2019-12-04 17:09:58 +0900:[29881]:deco: 812-0054
2019-12-04 17:09:58 +0900:[29881]:proc executed
2019-12-04 17:09:58 +0900:[29881]:deco: 福岡県
2019-12-04 17:09:58 +0900:[29881]:proc executed
2019-12-04 17:09:58 +0900:[29881]:deco: {:tag=>"checkbox", :name=>"checkbox_id_3", :value=>3, :label=>3}
2019-12-04 17:09:58 +0900:[29881]:proc executed
2019-12-04 17:09:58 +0900:[29881]:deco: {:tag=>"a", :href=>"/admin/detail?id=3", :child=>"蒲池 正幸"}
2019-12-04 17:09:58 +0900:[29881]:proc executed
2019-12-04 17:09:58 +0900:[29881]:deco: 
2019-12-04 17:09:58 +0900:[29881]:proc executed
2019-12-04 17:09:58 +0900:[29881]:deco: 812-0054
2019-12-04 17:09:58 +0900:[29881]:proc executed
2019-12-04 17:09:58 +0900:[29881]:deco: 福岡県
2019-12-04 17:10:01 +0900:[29881]:exec: request.params={}
2019-12-04 17:10:01 +0900:[29881]:proc executed
2019-12-04 17:10:01 +0900:[29881]:deco: {:tag=>"checkbox", :name=>"checkbox_id_1", :value=>1, :label=>1}
2019-12-04 17:10:01 +0900:[29881]:proc executed
2019-12-04 17:10:01 +0900:[29881]:deco: {:tag=>"a", :href=>"/admin/detail?id=1", :child=>"山田　太郎"}
2019-12-04 17:10:01 +0900:[29881]:proc executed
2019-12-04 17:10:01 +0900:[29881]:deco: 
2019-12-04 17:10:01 +0900:[29881]:proc executed
2019-12-04 17:10:01 +0900:[29881]:deco: 812-0054
2019-12-04 17:10:01 +0900:[29881]:proc executed
2019-12-04 17:10:01 +0900:[29881]:deco: 茨城県
2019-12-04 17:10:01 +0900:[29881]:proc executed
2019-12-04 17:10:01 +0900:[29881]:deco: {:tag=>"checkbox", :name=>"checkbox_id_2", :value=>2, :label=>2}
2019-12-04 17:10:01 +0900:[29881]:proc executed
2019-12-04 17:10:01 +0900:[29881]:deco: {:tag=>"a", :href=>"/admin/detail?id=2", :child=>"蒲池 正幸"}
2019-12-04 17:10:01 +0900:[29881]:proc executed
2019-12-04 17:10:01 +0900:[29881]:deco: 
2019-12-04 17:10:01 +0900:[29881]:proc executed
2019-12-04 17:10:01 +0900:[29881]:deco: 812-0054
2019-12-04 17:10:01 +0900:[29881]:proc executed
2019-12-04 17:10:01 +0900:[29881]:deco: 福岡県
2019-12-04 17:10:01 +0900:[29881]:proc executed
2019-12-04 17:10:01 +0900:[29881]:deco: {:tag=>"checkbox", :name=>"checkbox_id_3", :value=>3, :label=>3}
2019-12-04 17:10:01 +0900:[29881]:proc executed
2019-12-04 17:10:01 +0900:[29881]:deco: {:tag=>"a", :href=>"/admin/detail?id=3", :child=>"蒲池 正幸"}
2019-12-04 17:10:01 +0900:[29881]:proc executed
2019-12-04 17:10:01 +0900:[29881]:deco: 
2019-12-04 17:10:01 +0900:[29881]:proc executed
2019-12-04 17:10:01 +0900:[29881]:deco: 812-0054
2019-12-04 17:10:01 +0900:[29881]:proc executed
2019-12-04 17:10:01 +0900:[29881]:deco: 福岡県
2019-12-04 17:10:03 +0900:[29881]:exec: request.params={}
2019-12-04 17:10:03 +0900:[29881]:proc executed
2019-12-04 17:10:03 +0900:[29881]:deco: {:tag=>"checkbox", :name=>"checkbox_id_1", :value=>1, :label=>1}
2019-12-04 17:10:03 +0900:[29881]:proc executed
2019-12-04 17:10:03 +0900:[29881]:deco: {:tag=>"a", :href=>"/admin/detail?id=1", :child=>"山田　太郎"}
2019-12-04 17:10:03 +0900:[29881]:proc executed
2019-12-04 17:10:03 +0900:[29881]:deco: 
2019-12-04 17:10:03 +0900:[29881]:proc executed
2019-12-04 17:10:03 +0900:[29881]:deco: 812-0054
2019-12-04 17:10:03 +0900:[29881]:proc executed
2019-12-04 17:10:03 +0900:[29881]:deco: 茨城県
2019-12-04 17:10:03 +0900:[29881]:proc executed
2019-12-04 17:10:03 +0900:[29881]:deco: {:tag=>"checkbox", :name=>"checkbox_id_2", :value=>2, :label=>2}
2019-12-04 17:10:03 +0900:[29881]:proc executed
2019-12-04 17:10:03 +0900:[29881]:deco: {:tag=>"a", :href=>"/admin/detail?id=2", :child=>"蒲池 正幸"}
2019-12-04 17:10:03 +0900:[29881]:proc executed
2019-12-04 17:10:03 +0900:[29881]:deco: 
2019-12-04 17:10:03 +0900:[29881]:proc executed
2019-12-04 17:10:03 +0900:[29881]:deco: 812-0054
2019-12-04 17:10:03 +0900:[29881]:proc executed
2019-12-04 17:10:03 +0900:[29881]:deco: 福岡県
2019-12-04 17:10:03 +0900:[29881]:proc executed
2019-12-04 17:10:03 +0900:[29881]:deco: {:tag=>"checkbox", :name=>"checkbox_id_3", :value=>3, :label=>3}
2019-12-04 17:10:03 +0900:[29881]:proc executed
2019-12-04 17:10:03 +0900:[29881]:deco: {:tag=>"a", :href=>"/admin/detail?id=3", :child=>"蒲池 正幸"}
2019-12-04 17:10:03 +0900:[29881]:proc executed
2019-12-04 17:10:03 +0900:[29881]:deco: 
2019-12-04 17:10:03 +0900:[29881]:proc executed
2019-12-04 17:10:03 +0900:[29881]:deco: 812-0054
2019-12-04 17:10:03 +0900:[29881]:proc executed
2019-12-04 17:10:03 +0900:[29881]:deco: 福岡県
2019-12-04 17:10:13 +0900:[29881]:exec: request.params={}
2019-12-04 17:10:13 +0900:[29881]:proc executed
2019-12-04 17:10:13 +0900:[29881]:deco: {:tag=>"checkbox", :name=>"checkbox_id_1", :value=>1, :label=>1}
2019-12-04 17:10:13 +0900:[29881]:proc executed
2019-12-04 17:10:13 +0900:[29881]:deco: {:tag=>"a", :href=>"/admin/detail?id=1", :child=>"山田　太郎"}
2019-12-04 17:10:13 +0900:[29881]:proc executed
2019-12-04 17:10:13 +0900:[29881]:deco: 
2019-12-04 17:10:13 +0900:[29881]:proc executed
2019-12-04 17:10:13 +0900:[29881]:deco: 812-0054
2019-12-04 17:10:13 +0900:[29881]:proc executed
2019-12-04 17:10:13 +0900:[29881]:deco: 茨城県
2019-12-04 17:10:13 +0900:[29881]:proc executed
2019-12-04 17:10:13 +0900:[29881]:deco: {:tag=>"checkbox", :name=>"checkbox_id_2", :value=>2, :label=>2}
2019-12-04 17:10:13 +0900:[29881]:proc executed
2019-12-04 17:10:13 +0900:[29881]:deco: {:tag=>"a", :href=>"/admin/detail?id=2", :child=>"蒲池 正幸"}
2019-12-04 17:10:13 +0900:[29881]:proc executed
2019-12-04 17:10:13 +0900:[29881]:deco: 
2019-12-04 17:10:13 +0900:[29881]:proc executed
2019-12-04 17:10:13 +0900:[29881]:deco: 812-0054
2019-12-04 17:10:13 +0900:[29881]:proc executed
2019-12-04 17:10:13 +0900:[29881]:deco: 福岡県
2019-12-04 17:10:13 +0900:[29881]:proc executed
2019-12-04 17:10:13 +0900:[29881]:deco: {:tag=>"checkbox", :name=>"checkbox_id_3", :value=>3, :label=>3}
2019-12-04 17:10:13 +0900:[29881]:proc executed
2019-12-04 17:10:13 +0900:[29881]:deco: {:tag=>"a", :href=>"/admin/detail?id=3", :child=>"蒲池 正幸"}
2019-12-04 17:10:13 +0900:[29881]:proc executed
2019-12-04 17:10:13 +0900:[29881]:deco: 
2019-12-04 17:10:13 +0900:[29881]:proc executed
2019-12-04 17:10:13 +0900:[29881]:deco: 812-0054
2019-12-04 17:10:13 +0900:[29881]:proc executed
2019-12-04 17:10:13 +0900:[29881]:deco: 福岡県
2019-12-04 17:10:56 +0900:[29881]:exec: request.params={}
2019-12-04 17:10:56 +0900:[29881]:proc executed
2019-12-04 17:10:56 +0900:[29881]:deco: {:tag=>"checkbox", :name=>"checkbox_id_1", :value=>1, :label=>1}
2019-12-04 17:10:56 +0900:[29881]:proc executed
2019-12-04 17:10:56 +0900:[29881]:deco: {:tag=>"a", :href=>"/admin/detail?id=1", :child=>"山田　太郎"}
2019-12-04 17:10:56 +0900:[29881]:proc executed
2019-12-04 17:10:56 +0900:[29881]:deco: 
2019-12-04 17:10:56 +0900:[29881]:proc executed
2019-12-04 17:10:56 +0900:[29881]:deco: 812-0054
2019-12-04 17:10:56 +0900:[29881]:proc executed
2019-12-04 17:10:56 +0900:[29881]:deco: 茨城県
2019-12-04 17:10:56 +0900:[29881]:proc executed
2019-12-04 17:10:56 +0900:[29881]:deco: {:tag=>"checkbox", :name=>"checkbox_id_2", :value=>2, :label=>2}
2019-12-04 17:10:56 +0900:[29881]:proc executed
2019-12-04 17:10:56 +0900:[29881]:deco: {:tag=>"a", :href=>"/admin/detail?id=2", :child=>"蒲池 正幸"}
2019-12-04 17:10:56 +0900:[29881]:proc executed
2019-12-04 17:10:56 +0900:[29881]:deco: 
2019-12-04 17:10:56 +0900:[29881]:proc executed
2019-12-04 17:10:56 +0900:[29881]:deco: 812-0054
2019-12-04 17:10:56 +0900:[29881]:proc executed
2019-12-04 17:10:56 +0900:[29881]:deco: 福岡県
2019-12-04 17:10:56 +0900:[29881]:proc executed
2019-12-04 17:10:56 +0900:[29881]:deco: {:tag=>"checkbox", :name=>"checkbox_id_3", :value=>3, :label=>3}
2019-12-04 17:10:56 +0900:[29881]:proc executed
2019-12-04 17:10:56 +0900:[29881]:deco: {:tag=>"a", :href=>"/admin/detail?id=3", :child=>"蒲池 正幸"}
2019-12-04 17:10:56 +0900:[29881]:proc executed
2019-12-04 17:10:56 +0900:[29881]:deco: 
2019-12-04 17:10:56 +0900:[29881]:proc executed
2019-12-04 17:10:56 +0900:[29881]:deco: 812-0054
2019-12-04 17:10:56 +0900:[29881]:proc executed
2019-12-04 17:10:56 +0900:[29881]:deco: 福岡県
2019-12-04 17:11:42 +0900:[30167]:exec: request.params={"id"=>"1"}
2019-12-04 17:11:50 +0900:[30167]:exec: request.params={}
2019-12-04 17:11:50 +0900:[30167]:proc executed
2019-12-04 17:11:50 +0900:[30167]:proc executed
2019-12-04 17:11:50 +0900:[30167]:proc executed
2019-12-04 17:11:50 +0900:[30167]:proc executed
2019-12-04 17:11:50 +0900:[30167]:proc executed
2019-12-04 17:11:50 +0900:[30167]:proc executed
2019-12-04 17:11:50 +0900:[30167]:proc executed
2019-12-04 17:11:50 +0900:[30167]:proc executed
2019-12-04 17:11:50 +0900:[30167]:proc executed
2019-12-04 17:11:50 +0900:[30167]:proc executed
2019-12-04 17:11:50 +0900:[30167]:proc executed
2019-12-04 17:11:50 +0900:[30167]:proc executed
2019-12-04 17:11:50 +0900:[30167]:proc executed
2019-12-04 17:11:50 +0900:[30167]:proc executed
2019-12-04 17:11:50 +0900:[30167]:proc executed
2019-12-04 17:20:23 +0900:[31034]:exec: request.params={"id"=>"1"}
2019-12-04 17:20:28 +0900:[31034]:exec: request.params={}
2019-12-04 17:20:31 +0900:[31034]:exec: request.params={"id"=>"1"}
2019-12-04 17:20:43 +0900:[31034]:exec: request.params={}
2019-12-04 17:21:18 +0900:[31116]:exec: request.params={"id"=>"1"}
2019-12-04 17:24:52 +0900:[31327]:exec: request.params={"id"=>"1"}
2019-12-04 17:24:56 +0900:[31327]:exec: request.params={}
2019-12-04 17:26:49 +0900:[31476]:exec: request.params={"id"=>"1"}
2019-12-04 17:26:51 +0900:[31476]:exec: request.params={}
2019-12-04 17:26:52 +0900:[31476]:exec: request.params={"id"=>"1"}
2019-12-04 17:26:55 +0900:[31476]:exec: request.params={}
2019-12-04 17:29:59 +0900:[32673]:exec: request.params={"id"=>"1"}
2019-12-04 17:30:02 +0900:[32673]:exec: request.params={}
2019-12-04 17:32:18 +0900:[32673]:exec: request.params={}
2019-12-04 17:34:56 +0900:[32673]:exec: request.params={"id"=>"1"}
2019-12-04 17:34:57 +0900:[32673]:exec: request.params={}
2019-12-04 17:35:04 +0900:[32673]:exec: request.params={}
2019-12-04 17:35:45 +0900:[32673]:exec: request.params={"id"=>"1"}
2019-12-04 17:35:47 +0900:[32673]:exec: request.params={}
2019-12-04 17:36:35 +0900:[1237]:exec: request.params={}
2019-12-04 17:36:37 +0900:[1237]:exec: request.params={"id"=>"1"}
2019-12-04 17:36:37 +0900:[1237]:pubilc_detail_page: {"id"=>"1"}
2019-12-04 17:36:38 +0900:[1237]:exec: request.params={}
2019-12-04 17:38:37 +0900:[2110]:exec: path=/admin params={}
2019-12-04 17:38:51 +0900:[2110]:exec: path=/admin/detail params={"id"=>"1"}
2019-12-04 17:38:51 +0900:[2110]:pubilc_detail_page: {"id"=>"1"}
2019-12-04 17:38:57 +0900:[2110]:exec: path=/admin/detail params={}
2019-12-04 17:42:09 +0900:[2878]:exec: path=/admin params={}
2019-12-04 17:42:09 +0900:[2878]:no such method: public__page
2019-12-04 17:42:14 +0900:[2878]:exec: path=/admin/detail params={"id"=>"1"}
2019-12-04 17:42:14 +0900:[2878]:pubilc_detail_page: {"id"=>"1"}
2019-12-04 17:42:17 +0900:[2878]:exec: path=/admin/detail params={}
2019-12-04 17:42:17 +0900:[2878]:no such method: public_detail_post
2019-12-04 17:43:16 +0900:[3085]:exec: path=/admin/detail params={"id"=>"1"}
2019-12-04 17:43:16 +0900:[3085]:pubilc_detail_page: {"id"=>"1"}
2019-12-04 17:43:19 +0900:[3085]:exec: path=/admin/detail params={}
2019-12-04 17:43:19 +0900:[3085]:public_detail_post: {}
2019-12-04 17:43:28 +0900:[3085]:exec: path=/admin/detail params={}
2019-12-04 17:43:28 +0900:[3085]:public_detail_post: {}
2019-12-04 17:44:09 +0900:[3533]:exec: path=/admin/detail params={"id"=>"1"}
2019-12-04 17:44:09 +0900:[3533]:pubilc_detail_page: {"id"=>"1"}
2019-12-04 17:44:12 +0900:[3533]:exec: path=/admin/detail params={}
2019-12-04 17:44:12 +0900:[3533]:public_detail_post: {}
2019-12-04 17:45:01 +0900:[3909]:exec: path=/admin/detail params={"id"=>"1"}
2019-12-04 17:45:01 +0900:[3909]:pubilc_detail_page: {"id"=>"1"}
2019-12-04 17:45:03 +0900:[3909]:exec: path=/admin/detail params={}
2019-12-04 17:45:03 +0900:[3909]:public_detail_post: {}: {"on":"click","cmd":"inject","into":"#detail-name","id":"1","key":"name","value":"山田　太郎","url":"/admin/detail"}
2019-12-04 17:46:14 +0900:[4507]:exec: path=/admin/detail params={"id"=>"1"}
2019-12-04 17:46:14 +0900:[4507]:pubilc_detail_page: {"id"=>"1"}
2019-12-04 17:46:16 +0900:[4507]:exec: path=/admin/detail params={}
2019-12-04 17:46:16 +0900:[4507]:public_detail_post: {}: {"on"=>"click", "cmd"=>"inject", "into"=>"#detail-name", "id"=>"1", "key"=>"name", "value"=>"山田　太郎", "url"=>"/admin/detail"}
2019-12-04 17:47:01 +0900:[4856]:exec: path=/admin/detail params={"id"=>"1"}
2019-12-04 17:47:01 +0900:[4856]:pubilc_detail_page: {"id"=>"1"}
2019-12-04 17:47:03 +0900:[4856]:exec: path=/admin/detail params={}
2019-12-04 17:47:03 +0900:[4856]:public_detail_post: {}: {:on=>"click", :cmd=>"inject", :into=>"#detail-name", :id=>"1", :key=>"name", :value=>"山田　太郎", :url=>"/admin/detail"}
2019-12-04 17:49:37 +0900:[6492]:exec: path=/admin/detail params={"id"=>"1"}
2019-12-04 17:49:37 +0900:[6492]:pubilc_detail_page: {"id"=>"1"}
2019-12-04 17:49:39 +0900:[6492]:exec: path=/admin/detail params={}
2019-12-04 17:49:39 +0900:[6492]:public_detail_post: {}: {:on=>"click", :cmd=>"inject", :into=>"#detail-name", :id=>"1", :key=>"name", :value=>"山田　太郎", :url=>"/admin/detail"}
2019-12-04 17:50:41 +0900:[6827]:exec: path=/admin/detail params={"id"=>"1"}
2019-12-04 17:50:41 +0900:[6827]:pubilc_detail_page: {"id"=>"1"}
2019-12-04 17:50:43 +0900:[6827]:exec: path=/admin/detail params={}
2019-12-04 17:50:43 +0900:[6827]:public_detail_post: {}: {:on=>"click", :cmd=>"inject", :into=>"#detail-name", :id=>"1", :key=>"name", :value=>"山田　太郎", :url=>"/admin/detail"}
2019-12-04 17:53:46 +0900:[8449]:exec: path=/admin/detail params={"id"=>"1"}
2019-12-04 17:53:46 +0900:[8449]:pubilc_detail_page: {"id"=>"1"}
2019-12-04 17:53:52 +0900:[8449]:exec: path=/admin/detail params={}
2019-12-04 17:53:52 +0900:[8449]:public_detail_post: {}: {:on=>"click", :cmd=>"inject", :into=>"#detail-name", :id=>"1", :key=>"name", :value=>"山田　太郎", :url=>"/admin/detail"}
2019-12-04 17:54:19 +0900:[8449]:exec: path=/admin/detail params={"id"=>"1"}
2019-12-04 17:54:19 +0900:[8449]:pubilc_detail_page: {"id"=>"1"}
2019-12-04 17:54:22 +0900:[8449]:exec: path=/admin/detail params={}
2019-12-04 17:54:22 +0900:[8449]:public_detail_post: {}: {:on=>"click", :cmd=>"inject", :into=>"#detail-name", :id=>"1", :key=>"name", :value=>"山田　太郎", :url=>"/admin/detail"}
2019-12-04 17:55:52 +0900:[8449]:exec: path=/admin/detail params={"id"=>"1"}
2019-12-04 17:55:52 +0900:[8449]:pubilc_detail_page: {"id"=>"1"}
2019-12-04 17:55:55 +0900:[8449]:exec: path=/admin/detail params={}
2019-12-04 17:55:55 +0900:[8449]:public_detail_post: {}: {:on=>"click", :cmd=>"inject", :into=>"#detail-name", :id=>"1", :key=>"name", :value=>"山田　太郎", :url=>"/admin/detail"}
2019-12-04 17:55:57 +0900:[8449]:exec: path=/admin/detail params={}
2019-12-04 17:55:57 +0900:[8449]:public_detail_post: {}: {:update_value=>"山田　太郎2"}
2019-12-04 17:57:06 +0900:[8816]:exec: path=/admin/detail params={"id"=>"1"}
2019-12-04 17:57:06 +0900:[8816]:pubilc_detail_page: {"id"=>"1"}
2019-12-04 17:57:09 +0900:[8816]:exec: path=/admin/detail params={}
2019-12-04 17:57:09 +0900:[8816]:public_detail_post: {}: {:on=>"click", :cmd=>"inject", :into=>"#detail-name", :id=>"1", :key=>"name", :value=>"山田　太郎", :url=>"/admin/detail"}
2019-12-04 17:57:11 +0900:[8816]:exec: path=/admin/detail params={}
2019-12-04 17:57:11 +0900:[8816]:public_detail_post: {}: {:on=>"click", :cmd=>"update_value", :into=>"#detail-name", :id=>"1", :key=>"name", :value=>"山田　太郎", :url=>"/admin/detail", :update_value=>"山田　太郎2"}
2019-12-04 18:10:07 +0900:[16730]:exec: path=/admin params={}
2019-12-04 18:12:49 +0900:[18180]:exec: path=/admin params={}
2019-12-04 18:12:50 +0900:[18180]:ERROR: 
2019-12-04 18:12:50 +0900:[18180]:no such method: public__page
2019-12-04 18:14:05 +0900:[18888]:exec: path=/admin params={}
2019-12-04 18:14:05 +0900:[18888]:ERROR: 
2019-12-04 18:14:05 +0900:[18888]:no such method: public__page
2019-12-04 18:14:50 +0900:[19079]:exec: path=/admin params={}
2019-12-04 18:14:50 +0900:[19079]:no such method: public__page
2019-12-04 18:15:01 +0900:[19079]:exec: path=/admin/detail params={"id"=>"1"}
2019-12-04 18:15:01 +0900:[19079]:pubilc_detail_page: {"id"=>"1"}
2019-12-04 18:15:04 +0900:[19079]:exec: path=/admin/detail params={}
2019-12-04 18:15:04 +0900:[19079]:public_detail_post: {}: {:on=>"click", :cmd=>"inject", :into=>"#detail-name", :id=>"1", :key=>"name", :value=>"山田　太郎", :url=>"/admin/detail"}
2019-12-04 18:16:36 +0900:[19736]:exec: path=/admin/detail params={"id"=>"1"}
2019-12-04 18:16:36 +0900:[19736]:pubilc_detail_page: {"id"=>"1"}
2019-12-04 18:16:39 +0900:[19736]:exec: path=/admin/detail params={}
2019-12-04 18:16:39 +0900:[19736]:public_detail_post: {}: {:on=>"click", :cmd=>"inject", :into=>"#detail-name", :id=>"1", :key=>"name", :value=>"山田　太郎", :url=>"/admin/detail"}
2019-12-04 18:16:42 +0900:[19736]:exec: path=/admin/detail params={}
2019-12-04 18:16:42 +0900:[19736]:public_detail_post: {}: {:on=>"click", :cmd=>"update_value", :into=>"#detail-name", :id=>"1", :key=>"name", :value=>"山田　太郎", :url=>"/admin/detail", :update_value=>"山田　太郎2"}
2019-12-04 18:17:22 +0900:[20090]:exec: path=/admin/detail params={"id"=>"1"}
2019-12-04 18:17:22 +0900:[20090]:pubilc_detail_page: {"id"=>"1"}
2019-12-04 18:17:24 +0900:[20090]:exec: path=/admin/detail params={}
2019-12-04 18:17:24 +0900:[20090]:public_detail_post: {}: {:on=>"click", :cmd=>"inject", :into=>"#detail-name", :id=>"1", :key=>"name", :value=>"山田　太郎", :url=>"/admin/detail"}
2019-12-04 18:17:26 +0900:[20090]:exec: path=/admin/detail params={}
2019-12-04 18:17:26 +0900:[20090]:public_detail_post: {}: {:on=>"click", :cmd=>"update_value", :into=>"#detail-name", :id=>"1", :key=>"name", :value=>"山田　太郎", :url=>"/admin/detail", :update_value=>"山田　太郎2"}
2019-12-04 18:17:26 +0900:[20090]:public_finish_page: id=1, key=name, value=山田　太郎2
2019-12-04 18:17:27 +0900:[20090]:exec: path=/admin/detail params={}
2019-12-04 18:17:27 +0900:[20090]:public_detail_post: {}: {:on=>"click", :cmd=>"inject", :into=>"#detail-name", :id=>"1", :key=>"name", :value=>"山田　太郎2", :url=>"/admin/detail"}
2019-12-04 18:17:30 +0900:[20090]:exec: path=/admin/detail params={}
2019-12-04 18:17:30 +0900:[20090]:public_detail_post: {}: {:on=>"click", :cmd=>"update_value", :into=>"#detail-name", :id=>"1", :key=>"name", :value=>"山田　太郎2", :url=>"/admin/detail", :update_value=>"山田　太郎3"}
2019-12-04 18:17:30 +0900:[20090]:public_finish_page: id=1, key=name, value=山田　太郎3
2019-12-04 18:17:42 +0900:[20090]:exec: path=/admin/detail params={}
2019-12-04 18:17:42 +0900:[20090]:public_detail_post: {}: {:on=>"click", :cmd=>"inject", :into=>"#detail-name", :id=>"1", :key=>"name", :value=>"山田　太郎3", :url=>"/admin/detail"}
2019-12-04 18:20:18 +0900:[20415]:exec: path=/admin/detail params={"id"=>"1"}
2019-12-04 18:20:18 +0900:[20415]:pubilc_detail_page: {"id"=>"1"}
2019-12-04 18:20:21 +0900:[20415]:exec: path=/admin/detail params={}
2019-12-04 18:20:21 +0900:[20415]:public_detail_post: {}: {:on=>"click", :cmd=>"inject", :into=>"#detail-name", :id=>"1", :key=>"name", :value=>"山田　太郎3", :url=>"/admin/detail"}
2019-12-04 18:20:22 +0900:[20415]:exec: path=/admin/detail params={}
2019-12-04 18:20:22 +0900:[20415]:public_detail_post: {}: {:on=>"click", :cmd=>"reset_value", :into=>"#detail-name", :id=>"1", :key=>"name", :value=>"山田　太郎3", :url=>"/admin/detail"}
2019-12-04 18:23:04 +0900:[21486]:exec: path=/admin/detail params={"id"=>"1"}
2019-12-04 18:23:04 +0900:[21486]:pubilc_detail_page: {"id"=>"1"}
2019-12-04 18:23:06 +0900:[21486]:exec: path=/admin/detail params={}
2019-12-04 18:23:06 +0900:[21486]:public_detail_post: {}: {:on=>"click", :cmd=>"inject", :into=>"#detail-name", :id=>"1", :key=>"name", :value=>"山田　太郎3", :url=>"/admin/detail"}
2019-12-04 18:23:07 +0900:[21486]:exec: path=/admin/detail params={}
2019-12-04 18:23:07 +0900:[21486]:public_detail_post: {}: {:on=>"click", :cmd=>"reset_value", :into=>"#detail-name", :id=>"1", :key=>"name", :value=>"山田　太郎3", :url=>"/admin/detail"}
2019-12-04 18:23:08 +0900:[21486]:exec: path=/admin/detail params={}
2019-12-04 18:23:08 +0900:[21486]:public_detail_post: {}: {:on=>"click", :cmd=>"inject", :into=>"#detail-name_kana", :id=>"1", :key=>"name_kana", :value=>"やまだ　たろう", :url=>"/admin/detail"}
2019-12-04 18:23:09 +0900:[21486]:exec: path=/admin/detail params={}
2019-12-04 18:23:09 +0900:[21486]:public_detail_post: {}: {:on=>"click", :cmd=>"reset_value", :into=>"#detail-name_kana", :id=>"1", :key=>"name_kana", :value=>"やまだ　たろう", :url=>"/admin/detail"}
2019-12-04 18:23:11 +0900:[21486]:exec: path=/admin/detail params={}
2019-12-04 18:23:11 +0900:[21486]:public_detail_post: {}: {:on=>"click", :cmd=>"inject", :into=>"#detail-prefecture", :id=>"1", :key=>"prefecture", :value=>"8", :url=>"/admin/detail"}
2019-12-04 18:23:14 +0900:[21486]:exec: path=/admin/detail params={}
2019-12-04 18:23:14 +0900:[21486]:public_detail_post: {}: {:on=>"click", :cmd=>"update_value", :into=>"#detail-prefecture", :id=>"1", :key=>"prefecture", :value=>"8", :url=>"/admin/detail", :update_value=>"5"}
2019-12-04 18:23:14 +0900:[21486]:update_value: id=1, key=prefecture, value=5
2019-12-04 18:23:15 +0900:[21486]:exec: path=/admin/detail params={}
2019-12-04 18:23:15 +0900:[21486]:public_detail_post: {}: {:on=>"click", :cmd=>"inject", :into=>"#detail-prefecture", :id=>"1", :key=>"prefecture", :value=>"5", :url=>"/admin/detail"}
2019-12-04 18:23:21 +0900:[21486]:exec: path=/admin/detail params={}
2019-12-04 18:23:21 +0900:[21486]:public_detail_post: {}: {:on=>"click", :cmd=>"update_value", :into=>"#detail-prefecture", :id=>"1", :key=>"prefecture", :value=>"5", :url=>"/admin/detail", :update_value=>"12"}
2019-12-04 18:23:21 +0900:[21486]:update_value: id=1, key=prefecture, value=12
2019-12-04 18:23:26 +0900:[21486]:exec: path=/order params={}
2019-12-04 18:23:26 +0900:[21486]:no such Ezframe class: order
2019-12-04 18:23:27 +0900:[21486]:exec: path=/alarm params={}
2019-12-04 18:23:27 +0900:[21486]:no such Ezframe class: alarm
2019-12-04 18:48:10 +0900:[21486]:exec: path=/order params={}
2019-12-04 18:48:10 +0900:[21486]:no such Ezframe class: order
2019-12-04 18:48:11 +0900:[21486]:exec: path=/alarm params={}
2019-12-04 18:48:11 +0900:[21486]:no such Ezframe class: alarm
2019-12-04 18:48:18 +0900:[21486]:exec: path=/order params={}
2019-12-04 18:48:18 +0900:[21486]:no such Ezframe class: order
2019-12-04 18:48:18 +0900:[21486]:exec: path=/talk params={}
2019-12-04 18:48:18 +0900:[21486]:no such Ezframe class: talk
2019-12-04 18:48:19 +0900:[21486]:exec: path=/email params={}
2019-12-04 18:48:19 +0900:[21486]:no such Ezframe class: email
2019-12-04 18:48:20 +0900:[21486]:exec: path=/alarm params={}
2019-12-04 18:48:20 +0900:[21486]:no such Ezframe class: alarm
2019-12-04 18:49:54 +0900:[22810]:exec: path=/admin/detail params={"id"=>"1"}
2019-12-04 18:49:54 +0900:[22810]:pubilc_detail_page: {"id"=>"1"}
2019-12-04 18:49:55 +0900:[22810]:exec: path=/admin params={}
2019-12-04 18:49:55 +0900:[22810]:no such method: public__page
2019-12-04 18:49:58 +0900:[22810]:exec: path=/admin/detail params={"id"=>"1"}
2019-12-04 18:49:58 +0900:[22810]:pubilc_detail_page: {"id"=>"1"}
2019-12-04 18:53:32 +0900:[22810]:exec: path=/admin/detail params={"id"=>"1"}
2019-12-04 18:53:32 +0900:[22810]:pubilc_detail_page: {"id"=>"1"}
2019-12-04 18:54:41 +0900:[23104]:exec: path=/admin/detail params={"id"=>"1"}
2019-12-04 18:54:41 +0900:[23104]:pubilc_detail_page: {"id"=>"1"}
2019-12-04 18:55:55 +0900:[23230]:exec: path=/admin/detail params={"id"=>"1"}
2019-12-04 18:55:55 +0900:[23230]:pubilc_detail_page: {"id"=>"1"}
2019-12-04 18:57:39 +0900:[23230]:exec: path=/admin/search params={}
2019-12-04 18:57:39 +0900:[23230]:no such method: public_search_post
2019-12-04 19:08:45 +0900:[24823]:exec: path=/admin/detail params={"id"=>"1"}
2019-12-04 19:08:45 +0900:[24823]:pubilc_detail_page: {"id"=>"1"}
2019-12-04 19:08:46 +0900:[24823]:exec: path=/favicon.ico params={}
2019-12-04 19:08:54 +0900:[24823]:exec: path=/admin params={}
2019-12-04 19:08:54 +0900:[24823]:no such method: public__page
2019-12-04 19:09:08 +0900:[24823]:exec: path=/admin/search params={}
2019-12-04 19:10:15 +0900:[25051]:exec: path=/admin params={}
2019-12-04 19:10:15 +0900:[25051]:no such method: public__page
2019-12-04 19:10:18 +0900:[25051]:exec: path=/admin/search params={}
2019-12-04 19:10:18 +0900:[25051]:public_search_post
2019-12-04 19:10:47 +0900:[25273]:exec: path=/admin params={}
2019-12-04 19:10:47 +0900:[25273]:no such method: public__page
2019-12-04 19:10:49 +0900:[25273]:exec: path=/admin/search params={}
2019-12-04 19:10:49 +0900:[25273]:public_search_post: {:on=>"click", :cmd=>"inject", :into=>"#center-panel", :url=>"/admin/search", :get_form=>"true"}
2019-12-04 19:11:58 +0900:[25384]:exec: path=/admin params={}
2019-12-04 19:11:58 +0900:[25384]:no such method: public__page
2019-12-04 19:13:21 +0900:[25489]:exec: path=/admin params={}
2019-12-04 19:13:21 +0900:[25489]:no such method: public__page
2019-12-04 19:14:10 +0900:[25489]:exec: path=/admin params={}
2019-12-04 19:14:10 +0900:[25489]:no such method: public__page
2019-12-04 19:15:09 +0900:[25489]:exec: path=/admin params={}
2019-12-04 19:15:09 +0900:[25489]:no such method: public__page
2019-12-04 19:15:11 +0900:[25489]:exec: path=/admin/search params={}
2019-12-04 19:15:11 +0900:[25489]:public_search_post: {:on=>"click", :cmd=>"inject", :into=>"#center-panel", :url=>"/admin/search", :get_form=>"true", :form=>{:word=>"test"}}
2019-12-04 19:16:49 +0900:[25775]:exec: path=/admin params={}
2019-12-04 19:16:49 +0900:[25775]:no such method: public__page
2019-12-04 19:16:53 +0900:[25775]:exec: path=/admin/search params={}
2019-12-04 19:16:53 +0900:[25775]:public_search_post: {:on=>"click", :cmd=>"inject", :into=>"#center-panel", :url=>"/admin/search", :get_form=>"true", :form=>{:word=>"test"}}
2019-12-04 19:17:22 +0900:[25861]:exec: path=/admin params={}
2019-12-04 19:17:22 +0900:[25861]:no such method: public__page
2019-12-04 19:17:24 +0900:[25861]:exec: path=/admin/search params={}
2019-12-04 19:17:24 +0900:[25861]:public_search_post: {:on=>"click", :cmd=>"inject", :into=>"#center-panel", :url=>"/admin/search", :get_form=>"true", :form=>{:word=>"test"}}
2019-12-04 19:19:28 +0900:[26136]:exec: path=/admin params={}
2019-12-04 19:19:28 +0900:[26136]:no such method: public__page
2019-12-04 19:19:31 +0900:[26136]:exec: path=/admin/search params={}
2019-12-04 19:19:31 +0900:[26136]:public_search_post: {:on=>"click", :cmd=>"inject", :into=>"#center-panel", :url=>"/admin/search", :get_form=>"true", :form=>{:word=>"test"}}
2019-12-04 19:19:51 +0900:[26136]:exec: path=/admin/search params={}
2019-12-04 19:19:51 +0900:[26136]:public_search_post: {:on=>"click", :cmd=>"inject", :into=>"#center-panel", :url=>"/admin/search", :get_form=>"true", :form=>{:word=>"山"}}
2019-12-04 19:22:13 +0900:[27613]:exec: path=/admin params={}
2019-12-04 19:22:13 +0900:[27613]:no such method: public__page
2019-12-04 19:22:23 +0900:[27694]:exec: path=/admin params={}
2019-12-04 19:22:23 +0900:[27694]:no such method: public__page
2019-12-04 19:23:57 +0900:[27694]:exec: path=/admin params={}
2019-12-04 19:23:57 +0900:[27694]:no such method: public__page
2019-12-04 19:24:00 +0900:[27981]:exec: path=/admin params={}
2019-12-04 19:24:00 +0900:[27981]:no such method: public__page
2019-12-04 19:24:48 +0900:[27981]:exec: path=/admin params={}
2019-12-04 19:24:48 +0900:[27981]:no such method: public__page
2019-12-04 19:25:47 +0900:[27981]:exec: path=/admin params={}
2019-12-04 19:25:47 +0900:[27981]:no such method: public__page
2019-12-04 19:25:48 +0900:[27981]:exec: path=/admin params={}
2019-12-04 19:25:48 +0900:[27981]:no such method: public__page
2019-12-04 19:25:49 +0900:[27981]:exec: path=/admin params={}
2019-12-04 19:25:49 +0900:[27981]:no such method: public__page
2019-12-04 19:25:50 +0900:[27981]:exec: path=/admin params={}
2019-12-04 19:25:50 +0900:[27981]:no such method: public__page
2019-12-04 19:25:51 +0900:[27981]:exec: path=/admin params={}
2019-12-04 19:25:51 +0900:[27981]:no such method: public__page
2019-12-04 19:25:52 +0900:[27981]:exec: path=/admin params={}
2019-12-04 19:25:52 +0900:[27981]:no such method: public__page
2019-12-04 19:27:07 +0900:[27981]:exec: path=/admin params={}
2019-12-04 19:27:07 +0900:[27981]:no such method: public__page
2019-12-04 19:27:11 +0900:[28596]:exec: path=/admin params={}
2019-12-04 19:27:11 +0900:[28596]:no such method: public__page
2019-12-04 19:27:13 +0900:[28596]:exec: path=/admin/detail params={"id"=>"1"}
2019-12-04 19:27:13 +0900:[28596]:pubilc_detail_page: {"id"=>"1"}
2019-12-04 19:27:16 +0900:[28596]:exec: path=/admin params={}
2019-12-04 19:27:16 +0900:[28596]:no such method: public__page
2019-12-04 19:27:21 +0900:[28596]:exec: path=/admin/search params={}
2019-12-04 19:27:21 +0900:[28596]:public_search_post: {:on=>"click", :cmd=>"inject", :into=>"#center-panel", :url=>"/admin/search", :get_form=>"true", :form=>{:word=>"山"}}
2019-12-04 19:30:25 +0900:[29597]:exec: path=/admin params={}
2019-12-04 19:30:25 +0900:[29597]:no such method: public__page
2019-12-04 19:30:28 +0900:[29597]:exec: path=/admin/search params={}
2019-12-04 19:30:28 +0900:[29597]:public_search_post: {:on=>"click", :cmd=>"inject", :into=>"#center-panel", :url=>"/admin/search", :get_form=>"true", :form=>{:word=>"山"}}
2019-12-04 19:31:30 +0900:[29712]:exec: path=/admin params={}
2019-12-04 19:31:30 +0900:[29712]:no such method: public__page
2019-12-04 19:31:32 +0900:[29712]:exec: path=/admin/search params={}
2019-12-04 19:31:32 +0900:[29712]:public_search_post: {:on=>"click", :cmd=>"inject", :into=>"#center-panel", :url=>"/admin/search", :get_form=>"true", :form=>{:word=>"山"}}
2019-12-04 19:32:09 +0900:[29927]:exec: path=/admin params={}
2019-12-04 19:32:09 +0900:[29927]:no such method: public__page
2019-12-04 19:32:11 +0900:[29927]:exec: path=/admin/search params={}
2019-12-04 19:32:11 +0900:[29927]:public_search_post: {:on=>"click", :cmd=>"inject", :into=>"#center-panel", :url=>"/admin/search", :get_form=>"true", :form=>{:word=>"山"}}
2019-12-04 19:33:31 +0900:[30310]:exec: path=/admin params={}
2019-12-04 19:33:31 +0900:[30310]:no such method: public__page
2019-12-04 19:33:33 +0900:[30310]:exec: path=/admin/search params={}
2019-12-04 19:33:33 +0900:[30310]:public_search_post: {:on=>"click", :cmd=>"inject", :into=>"#center-panel", :url=>"/admin/search", :get_form=>"true", :form=>{:word=>"山"}}
2019-12-04 19:33:35 +0900:[30310]:exec: path=/admin/detail params={"id"=>"1"}
2019-12-04 19:33:35 +0900:[30310]:pubilc_detail_page: {"id"=>"1"}
2019-12-04 19:35:24 +0900:[30405]:exec: path=/admin/detail params={"id"=>"1"}
2019-12-04 19:35:24 +0900:[30405]:pubilc_detail_page: {"id"=>"1"}
2019-12-04 19:37:36 +0900:[31748]:exec: path=/admin/detail params={"id"=>"1"}
2019-12-04 19:37:36 +0900:[31748]:pubilc_detail_page: {"id"=>"1"}
2019-12-04 19:37:41 +0900:[31748]:exec: path=/admin/search params={}
2019-12-04 19:37:41 +0900:[31748]:public_search_post: {:on=>"click", :cmd=>"inject", :into=>"#center-panel", :url=>"/admin/search", :get_form=>"true", :form=>{:word=>"かま"}}
2019-12-04 19:38:30 +0900:[31898]:exec: path=/admin/detail params={"id"=>"1"}
2019-12-04 19:38:30 +0900:[31898]:pubilc_detail_page: {"id"=>"1"}
2019-12-04 19:38:32 +0900:[31898]:exec: path=/admin/search params={}
2019-12-04 19:38:32 +0900:[31898]:public_search_post: {:on=>"click", :cmd=>"inject", :into=>"#center-panel", :url=>"/admin/search", :get_form=>"true", :form=>{:word=>"かま"}}
2019-12-04 19:38:34 +0900:[31898]:exec: path=/admin/detail params={"id"=>"2"}
2019-12-04 19:38:34 +0900:[31898]:pubilc_detail_page: {"id"=>"2"}
2019-12-04 19:38:40 +0900:[31898]:exec: path=/admin/detail params={}
2019-12-04 19:38:40 +0900:[31898]:public_detail_post: {}: {:on=>"click", :cmd=>"inject", :into=>"#detail-name_kana", :id=>"2", :key=>"name_kana", :value=>"かまち まさゆき", :url=>"/admin/detail"}
2019-12-04 19:38:41 +0900:[31898]:exec: path=/admin/detail params={}
2019-12-04 19:38:41 +0900:[31898]:public_detail_post: {}: {:on=>"click", :cmd=>"reset_value", :into=>"#detail-name_kana", :id=>"2", :key=>"name_kana", :value=>"かまち まさゆき", :url=>"/admin/detail"}
2019-12-04 19:39:13 +0900:[31898]:exec: path=/admin/order params={}
2019-12-04 19:39:13 +0900:[31898]:no such method: public_order_post
2019-12-04 19:39:14 +0900:[31898]:exec: path=/admin/alarm params={}
2019-12-04 19:39:14 +0900:[31898]:no such method: public_alarm_post
2019-12-04 19:43:57 +0900:[1602]:exec: path=/admin/detail params={"id"=>"2"}
2019-12-04 19:43:57 +0900:[1602]:pubilc_detail_page: {"id"=>"2"}
2019-12-04 19:44:00 +0900:[1602]:exec: path=/admin params={}
2019-12-04 19:44:00 +0900:[1602]:no such method: public__page
2019-12-04 19:44:01 +0900:[1602]:exec: path=/admin/new params={}
2019-12-04 19:44:27 +0900:[1602]:exec: path=/admin params={}
2019-12-04 19:44:27 +0900:[1602]:no such method: public__page
2019-12-04 19:44:58 +0900:[1731]:exec: path=/admin params={}
2019-12-04 19:44:58 +0900:[1731]:no such method: public__page
2019-12-04 19:45:00 +0900:[1731]:exec: path=/admin params={}
2019-12-04 19:45:00 +0900:[1731]:no such method: public__page
2019-12-04 19:45:02 +0900:[1731]:exec: path=/admin/new params={}
2019-12-04 19:45:11 +0900:[1731]:exec: path=/admin/index params={}
2019-12-04 19:46:25 +0900:[1731]:exec: path=/admin params={}
2019-12-04 19:46:25 +0900:[1731]:no such method: public__page
2019-12-04 19:46:27 +0900:[1731]:exec: path=/admin/new params={}
2019-12-04 19:46:35 +0900:[1731]:exec: path=/admin/index params={}
2019-12-04 19:46:45 +0900:[1731]:exec: path=/admin/new params={}
2019-12-04 19:46:55 +0900:[1731]:exec: path=/admin/index params={}
2019-12-04 19:52:11 +0900:[2456]:exec: path=/admin/index params={}
2019-12-04 19:52:14 +0900:[2456]:exec: path=/admin params={}
2019-12-04 19:52:14 +0900:[2456]:no such method: public__page
2019-12-04 19:52:15 +0900:[2456]:exec: path=/admin/new params={}
2019-12-04 19:52:20 +0900:[2456]:exec: path=/admin/index params={}
2019-12-04 19:52:20 +0900:[2456]:no such method: public_index_post
2019-12-04 20:08:16 +0900:[4722]:exec: path=/admin params={}
2019-12-04 20:08:16 +0900:[4722]:no such method: public__page
2019-12-04 20:08:18 +0900:[4722]:exec: path=/admin/new params={}
2019-12-04 20:08:39 +0900:[4722]:exec: path=/admin/new params={}
2019-12-04 20:08:39 +0900:[4722]:no such column: 
2019-12-04 20:09:08 +0900:[4855]:exec: path=/admin/new params={}
2019-12-04 20:09:12 +0900:[4855]:exec: path=/admin/new params={}
2019-12-04 20:09:12 +0900:[4855]:no such column: 
2019-12-04 20:09:15 +0900:[4855]:exec: path=/admin/detail params={"id"=>"4"}
2019-12-04 20:09:15 +0900:[4855]:pubilc_detail_page: {"id"=>"4"}
2019-12-04 20:09:18 +0900:[4855]:exec: path=/admin/detail params={}
2019-12-04 20:09:18 +0900:[4855]:public_detail_post: {}: {:on=>"click", :cmd=>"inject", :into=>"#detail-prefecture", :id=>"4", :key=>"prefecture", :value=>"0", :url=>"/admin/detail"}
2019-12-04 20:09:19 +0900:[4855]:exec: path=/admin/detail params={}
2019-12-04 20:09:19 +0900:[4855]:public_detail_post: {}: {:on=>"click", :cmd=>"reset_value", :into=>"#detail-prefecture", :id=>"4", :key=>"prefecture", :value=>"0", :url=>"/admin/detail"}
2019-12-04 20:09:25 +0900:[4855]:exec: path=/admin/detail params={}
2019-12-04 20:09:25 +0900:[4855]:public_detail_post: {}: {:on=>"click", :cmd=>"inject", :into=>"#detail-zipcode", :id=>"4", :key=>"zipcode", :value=>"", :url=>"/admin/detail"}
2019-12-04 20:09:34 +0900:[4855]:exec: path=/admin/detail params={}
2019-12-04 20:09:34 +0900:[4855]:public_detail_post: {}: {:on=>"click", :cmd=>"update_value", :into=>"#detail-zipcode", :id=>"4", :key=>"zipcode", :value=>"", :url=>"/admin/detail", :update_value=>"8120001"}
2019-12-04 20:09:34 +0900:[4855]:update_value: id=4, key=zipcode, value=8120001
2019-12-04 20:09:36 +0900:[4855]:exec: path=/admin/detail params={}
2019-12-04 20:09:36 +0900:[4855]:public_detail_post: {}: {:on=>"click", :cmd=>"inject", :into=>"#detail-prefecture", :id=>"4", :key=>"prefecture", :value=>"0", :url=>"/admin/detail"}
2019-12-04 20:10:10 +0900:[4855]:exec: path=/admin params={}
2019-12-04 20:10:10 +0900:[4855]:no such method: public__page
2019-12-04 20:10:15 +0900:[4855]:exec: path=/admin/detail params={"id"=>"5"}
2019-12-04 20:10:15 +0900:[4855]:pubilc_detail_page: {"id"=>"5"}
2019-12-04 20:10:17 +0900:[4855]:exec: path=/admin/detail params={}
2019-12-04 20:10:17 +0900:[4855]:public_detail_post: {}: {:on=>"click", :cmd=>"inject", :into=>"#detail-prefecture", :id=>"5", :key=>"prefecture", :value=>"0", :url=>"/admin/detail"}
2019-12-04 20:10:18 +0900:[4855]:exec: path=/admin/detail params={}
2019-12-04 20:10:18 +0900:[4855]:public_detail_post: {}: {:on=>"click", :cmd=>"reset_value", :into=>"#detail-prefecture", :id=>"5", :key=>"prefecture", :value=>"0", :url=>"/admin/detail"}
2019-12-04 20:10:59 +0900:[4953]:exec: path=/admin/detail params={"id"=>"5"}
2019-12-04 20:10:59 +0900:[4953]:pubilc_detail_page: {"id"=>"5"}
2019-12-04 20:11:01 +0900:[4953]:exec: path=/admin/detail params={}
2019-12-04 20:11:01 +0900:[4953]:public_detail_post: {}: {:on=>"click", :cmd=>"inject", :into=>"#detail-prefecture", :id=>"5", :key=>"prefecture", :value=>"0", :url=>"/admin/detail"}
2019-12-04 20:11:07 +0900:[4953]:exec: path=/admin/detail params={}
2019-12-04 20:11:07 +0900:[4953]:public_detail_post: {}: {:on=>"click", :cmd=>"update_value", :into=>"#detail-prefecture", :id=>"5", :key=>"prefecture", :value=>"0", :url=>"/admin/detail", :update_value=>"28"}
2019-12-04 20:11:07 +0900:[4953]:update_value: id=5, key=prefecture, value=28
2019-12-04 20:11:11 +0900:[4953]:exec: path=/admin params={}
2019-12-04 20:11:11 +0900:[4953]:no such method: public__page
2019-12-04 20:11:15 +0900:[4953]:exec: path=/admin/new params={}
2019-12-04 20:11:52 +0900:[4953]:exec: path=/admin/new params={}
2019-12-04 20:11:52 +0900:[4953]:no such column: 
2019-12-04 20:14:11 +0900:[4953]:exec: path=/admin params={}
2019-12-04 20:14:11 +0900:[4953]:no such method: public__page
2019-12-04 20:14:12 +0900:[4953]:exec: path=/admin/detail params={"id"=>"1"}
2019-12-04 20:14:12 +0900:[4953]:pubilc_detail_page: {"id"=>"1"}
2019-12-04 20:14:14 +0900:[4953]:exec: path=/admin params={}
2019-12-04 20:14:14 +0900:[4953]:no such method: public__page
2019-12-04 20:14:26 +0900:[4953]:exec: path=/admin/detail params={"id"=>"1"}
2019-12-04 20:14:26 +0900:[4953]:pubilc_detail_page: {"id"=>"1"}
2019-12-04 20:20:02 +0900:[5506]:exec: path=/admin/detail params={"id"=>"1"}
2019-12-04 20:20:02 +0900:[5506]:pubilc_detail_page: {"id"=>"1"}
2019-12-04 20:20:04 +0900:[5506]:exec: path=/admin/order params={}
2019-12-04 20:20:04 +0900:[5506]:no such method: public_order_post
2019-12-04 20:20:04 +0900:[5506]:exec: path=/admin/alarm params={}
2019-12-04 20:20:04 +0900:[5506]:no such method: public_alarm_post
2019-12-04 20:20:22 +0900:[5506]:exec: path=/admin/order params={}
2019-12-04 20:20:22 +0900:[5506]:no such method: public_order_post
2019-12-04 20:20:23 +0900:[5506]:exec: path=/admin/alarm params={}
2019-12-04 20:20:23 +0900:[5506]:no such method: public_alarm_post
2019-12-04 20:23:30 +0900:[5768]:exec: path=/admin/detail params={"id"=>"1"}
2019-12-04 20:23:30 +0900:[5768]:pubilc_detail_page: {"id"=>"1"}
2019-12-04 20:23:32 +0900:[5768]:exec: path=/admin/order params={}
2019-12-04 20:23:32 +0900:[5768]:no such method: public_order_post
2019-12-04 20:23:32 +0900:[5768]:exec: path=/admin/alarm params={}
2019-12-04 20:23:32 +0900:[5768]:no such method: public_alarm_post
2019-12-04 20:23:50 +0900:[5768]:exec: path=/admin/detail params={"id"=>"1"}
2019-12-04 20:23:50 +0900:[5768]:pubilc_detail_page: {"id"=>"1"}
2019-12-04 20:24:06 +0900:[5804]:exec: path=/admin params={}
2019-12-04 20:24:06 +0900:[5804]:no such method: public__page
2019-12-04 20:24:07 +0900:[5804]:exec: path=/admin/detail params={"id"=>"1"}
2019-12-04 20:24:07 +0900:[5804]:pubilc_detail_page: {"id"=>"1"}
2019-12-04 20:24:09 +0900:[5804]:exec: path=/admin/order params={}
2019-12-04 20:24:09 +0900:[5804]:no such method: public_order_post
2019-12-04 20:24:09 +0900:[5804]:exec: path=/admin/alarm params={}
2019-12-04 20:24:09 +0900:[5804]:no such method: public_alarm_post
2019-12-04 20:26:22 +0900:[5905]:exec: path=/admin/detail params={"id"=>"1"}
2019-12-04 20:26:22 +0900:[5905]:pubilc_detail_page: {"id"=>"1"}
2019-12-04 20:26:24 +0900:[5905]:exec: path=/admin/order params={}
2019-12-04 20:26:24 +0900:[5905]:no such method: public_order_post
2019-12-04 20:26:25 +0900:[5905]:exec: path=/admin/alarm params={}
2019-12-04 20:26:25 +0900:[5905]:no such method: public_alarm_post
2019-12-04 20:27:54 +0900:[6074]:exec: path=/admin/detail params={"id"=>"1"}
2019-12-04 20:27:54 +0900:[6074]:pubilc_detail_page: {"id"=>"1"}
2019-12-04 20:27:56 +0900:[6074]:exec: path=/admin/order params={}
2019-12-04 20:27:56 +0900:[6074]:no such method: public_order_post
2019-12-04 20:27:57 +0900:[6074]:exec: path=/admin/alarm params={}
2019-12-04 20:27:57 +0900:[6074]:no such method: public_alarm_post
2019-12-04 20:29:23 +0900:[6217]:exec: path=/admin/detail params={"id"=>"1"}
2019-12-04 20:29:23 +0900:[6217]:pubilc_detail_page: {"id"=>"1"}
2019-12-04 20:29:25 +0900:[6217]:exec: path=/admin/order/index params={}
2019-12-04 20:29:25 +0900:[6217]:no such method: public_order_post
2019-12-04 20:29:26 +0900:[6217]:exec: path=/admin/alarm/index params={}
2019-12-04 20:29:26 +0900:[6217]:no such method: public_alarm_post
2019-12-04 20:31:02 +0900:[6813]:exec: path=/admin/detail params={"id"=>"1"}
2019-12-04 20:31:19 +0900:[6992]:exec: path=/admin/detail params={"id"=>"1"}
2019-12-04 20:31:19 +0900:[6992]:pubilc_detail_page: {"id"=>"1"}
2019-12-04 20:31:21 +0900:[6992]:exec: path=/admin/order/index params={}
2019-12-04 20:31:22 +0900:[6992]:exec: path=/admin/alarm/index params={}
2019-12-04 20:31:22 +0900:[6992]:no such method: public_index_post
2019-12-04 20:31:28 +0900:[6992]:exec: path=/admin/detail params={"scheduled_for"=>"2019-12-17", "content"=>"test"}
2019-12-04 20:31:28 +0900:[6992]:pubilc_detail_page: {"scheduled_for"=>"2019-12-17", "content"=>"test"}
2019-12-04 20:33:50 +0900:[7431]:exec: path=/admin/detail params={"id"=>"1"}
2019-12-04 20:33:50 +0900:[7431]:pubilc_detail_page: {"id"=>"1"}
2019-12-04 20:33:53 +0900:[7431]:exec: path=/admin/order/index params={}
2019-12-04 20:33:53 +0900:[7431]:exec: path=/admin/alarm/index params={}
2019-12-04 20:33:53 +0900:[7431]:no such method: public_index_post
2019-12-04 20:34:06 +0900:[7431]:exec: path=/admin/detail params={"scheduled_for"=>"2019-12-19", "content"=>"test"}
2019-12-04 20:34:06 +0900:[7431]:pubilc_detail_page: {"scheduled_for"=>"2019-12-19", "content"=>"test"}
2019-12-04 20:47:44 +0900:[12314]:exec: path=/admin/detail params={"id"=>"1"}
2019-12-04 20:47:44 +0900:[12314]:pubilc_detail_page: {"id"=>"1"}
2019-12-04 20:47:47 +0900:[12314]:exec: path=/admin/order/index params={}
2019-12-04 20:47:48 +0900:[12314]:exec: path=/admin/alarm/index params={}
2019-12-04 20:49:28 +0900:[13023]:exec: path=/admin/detail params={"id"=>"1"}
2019-12-04 20:49:28 +0900:[13023]:pubilc_detail_page: {"id"=>"1"}
2019-12-04 20:49:30 +0900:[13023]:exec: path=/admin/order/index params={}
2019-12-04 20:49:31 +0900:[13023]:exec: path=/admin/alarm/index params={}
2019-12-04 20:49:54 +0900:[13198]:exec: path=/admin/detail params={"id"=>"1"}
2019-12-04 20:49:54 +0900:[13198]:pubilc_detail_page: {"id"=>"1"}
2019-12-04 20:49:57 +0900:[13198]:exec: path=/admin/order/index params={}
2019-12-04 20:49:57 +0900:[13198]:exec: path=/admin/alarm/index params={}
2019-12-04 20:50:27 +0900:[13491]:exec: path=/admin/detail params={"id"=>"1"}
2019-12-04 20:50:27 +0900:[13491]:pubilc_detail_page: {"id"=>"1"}
2019-12-04 20:50:29 +0900:[13491]:exec: path=/admin/order/index params={}
2019-12-04 20:50:29 +0900:[13491]:exec: path=/admin/alarm/index params={}
2019-12-04 20:51:43 +0900:[13606]:exec: path=/admin/detail params={"id"=>"1"}
2019-12-04 20:51:43 +0900:[13606]:pubilc_detail_page: {"id"=>"1"}
2019-12-04 20:51:45 +0900:[13606]:exec: path=/admin/order/index params={}
2019-12-04 20:51:46 +0900:[13606]:exec: path=/admin/alarm/index params={}
2019-12-04 20:53:28 +0900:[14032]:exec: path=/admin params={}
2019-12-04 20:55:52 +0900:[15187]:exec: path=/admin params={}
2019-12-04 20:55:55 +0900:[15187]:exec: path=/admin/detail params={"id"=>"1"}
2019-12-04 20:55:55 +0900:[15187]:pubilc_detail_page: {"id"=>"1"}
2019-12-04 20:55:56 +0900:[15187]:exec: path=/admin/order/index params={}
2019-12-04 20:55:57 +0900:[15187]:exec: path=/admin/alarm/index params={}
2019-12-04 20:56:37 +0900:[15374]:exec: path=/admin/detail params={"id"=>"1"}
2019-12-04 20:56:37 +0900:[15374]:pubilc_detail_page: {"id"=>"1"}
2019-12-04 20:56:40 +0900:[15374]:exec: path=/admin/order/index params={}
2019-12-04 20:56:40 +0900:[15374]:no such Ezframe class: ["admin", "order"]
2019-12-04 20:56:41 +0900:[15374]:exec: path=/admin/alarm/index params={}
2019-12-04 20:58:56 +0900:[15578]:exec: path=/admin/detail params={"id"=>"1"}
2019-12-04 20:58:56 +0900:[15578]:pubilc_detail_page: {"id"=>"1"}
2019-12-04 20:58:58 +0900:[15578]:exec: path=/admin/order/index params={}
2019-12-04 20:58:58 +0900:[15578]:no such Ezframe class: ["admin", "order"]
2019-12-04 20:58:59 +0900:[15578]:exec: path=/admin/alarm/index params={}
2019-12-04 20:59:14 +0900:[15578]:exec: path=/admin/detail params={"id"=>"1"}
2019-12-04 20:59:14 +0900:[15578]:pubilc_detail_page: {"id"=>"1"}
2019-12-04 20:59:16 +0900:[15578]:exec: path=/admin/order/index params={}
2019-12-04 20:59:16 +0900:[15578]:no such Ezframe class: ["admin", "order"]
2019-12-04 20:59:18 +0900:[15578]:exec: path=/admin/alarm/index params={}
2019-12-04 21:00:19 +0900:[16056]:exec: path=/admin/detail params={"id"=>"1"}
2019-12-04 21:00:19 +0900:[16056]:pubilc_detail_page: {"id"=>"1"}
2019-12-04 21:00:22 +0900:[16056]:exec: path=/admin/order/index params={}
2019-12-04 21:00:22 +0900:[16056]:no such Ezframe class: ["admin", "order"]
2019-12-04 21:00:23 +0900:[16056]:exec: path=/admin/alarm/index params={}
2019-12-04 21:00:23 +0900:[16056]:Alarm::public_index_post: {:on=>"show", :cmd=>"inject", :into=>"#alarm", :url=>"/admin/alarm/index", :customer=>"1"}
2019-12-04 21:04:31 +0900:[17229]:exec: path=/admin/detail params={"id"=>"1"}
2019-12-04 21:04:31 +0900:[17229]:pubilc_detail_page: {"id"=>"1"}
2019-12-04 21:04:33 +0900:[17229]:exec: path=/admin/order/index params={}
2019-12-04 21:04:33 +0900:[17229]:no such Ezframe class: ["admin", "order"]
2019-12-04 21:04:34 +0900:[17229]:exec: path=/admin/alarm/index params={}
2019-12-04 21:04:34 +0900:[17229]:Alarm::public_index_post: {:on=>"show", :cmd=>"inject", :into=>"#alarm", :url=>"/admin/alarm/index", :customer=>"1"}
2019-12-04 21:06:35 +0900:[17339]:exec: path=/admin/detail params={"id"=>"1"}
2019-12-04 21:06:35 +0900:[17339]:pubilc_detail_page: {"id"=>"1"}
2019-12-04 21:06:37 +0900:[17339]:exec: path=/admin/order/index params={}
2019-12-04 21:06:37 +0900:[17339]:no such Ezframe class: ["admin", "order"]
2019-12-04 21:06:37 +0900:[17339]:exec: path=/admin/alarm/index params={}
2019-12-04 21:06:37 +0900:[17339]:Alarm::public_index_post: {:on=>"show", :cmd=>"inject", :into=>"#alarm", :url=>"/admin/alarm/index", :customer=>"1"}
2019-12-04 21:07:03 +0900:[17489]:exec: path=/admin/detail params={"id"=>"1"}
2019-12-04 21:07:03 +0900:[17489]:pubilc_detail_page: {"id"=>"1"}
2019-12-04 21:07:05 +0900:[17489]:exec: path=/admin/order/index params={}
2019-12-04 21:07:05 +0900:[17489]:no such Ezframe class: ["admin", "order"]
2019-12-04 21:07:06 +0900:[17489]:exec: path=/admin/alarm/index params={}
2019-12-04 21:07:06 +0900:[17489]:Alarm::public_index_post: {:on=>"show", :cmd=>"inject", :into=>"#alarm", :url=>"/admin/alarm/index", :customer=>"1"}
2019-12-04 21:09:55 +0900:[17792]:exec: path=/admin/detail params={"id"=>"1"}
2019-12-04 21:09:55 +0900:[17792]:pubilc_detail_page: {"id"=>"1"}
2019-12-04 21:09:56 +0900:[17792]:exec: path=/admin/order/index params={}
2019-12-04 21:09:56 +0900:[17792]:no such Ezframe class: ["admin", "order"]
2019-12-04 21:09:57 +0900:[17792]:exec: path=/admin/alarm/index params={}
2019-12-04 21:09:57 +0900:[17792]:Alarm::public_index_post: {:on=>"show", :cmd=>"inject", :into=>"#alarm", :url=>"/admin/alarm/index", :customer=>"1"}
2019-12-04 21:10:01 +0900:[17792]:exec: path=/admin/detail params={}
2019-12-04 21:10:01 +0900:[17792]:public_detail_post: {}: {:on=>"click", :cmd=>"inject", :into=>"#alarm_top", :stage=>"2", :customer=>"1", :get_form=>"true", :url=>"/admin/detail", :form=>{:scheduled_for=>"2019-12-18", :content=>"test"}}
2019-12-04 21:10:41 +0900:[17792]:exec: path=/admin/order/index params={}
2019-12-04 21:10:41 +0900:[17792]:no such Ezframe class: ["admin", "order"]
2019-12-04 21:10:41 +0900:[17792]:exec: path=/admin/alarm/index params={}
2019-12-04 21:10:41 +0900:[17792]:Alarm::public_index_post: {:on=>"show", :cmd=>"inject", :into=>"#alarm", :url=>"/admin/alarm/index", :customer=>"1"}
2019-12-04 21:11:03 +0900:[17792]:exec: path=/admin/detail params={}
2019-12-04 21:11:03 +0900:[17792]:public_detail_post: {}: {:on=>"click", :cmd=>"inject", :into=>"#alarm_top", :stage=>"2", :customer=>"1", :get_form=>"true", :url=>"/admin/detail", :form=>{:scheduled_for=>"2019-12-19", :content=>"test"}}
2019-12-04 21:14:00 +0900:[20054]:exec: path=/admin/detail params={"id"=>"1"}
2019-12-04 21:14:00 +0900:[20054]:pubilc_detail_page: {"id"=>"1"}
2019-12-04 21:14:02 +0900:[20054]:exec: path=/admin/order/index params={}
2019-12-04 21:14:02 +0900:[20054]:no such Ezframe class: ["admin", "order"]
2019-12-04 21:14:03 +0900:[20054]:exec: path=/admin/alarm/index params={}
2019-12-04 21:14:03 +0900:[20054]:Alarm::public_index_post: {:on=>"show", :cmd=>"inject", :into=>"#alarm", :url=>"/admin/alarm/index", :customer=>"1"}
2019-12-04 21:14:07 +0900:[20054]:exec: path=/admin/alarm/new params={}
2019-12-04 21:14:07 +0900:[20054]:Alarm::public_index_post: {:on=>"click", :cmd=>"inject", :into=>"#alarm_top", :stage=>"2", :url=>"/admin/alarm/new", :customer=>"1", :get_form=>"true", :form=>{:scheduled_for=>"2019-12-26", :content=>"test"}}
2019-12-04 21:16:43 +0900:[20054]:exec: path=/admin params={}
2019-12-04 21:16:45 +0900:[20054]:exec: path=/admin/detail params={"id"=>"1"}
2019-12-04 21:16:45 +0900:[20054]:pubilc_detail_page: {"id"=>"1"}
2019-12-04 21:16:46 +0900:[20054]:exec: path=/admin/alarm/index params={}
2019-12-04 21:16:46 +0900:[20054]:Alarm::public_index_post: {:on=>"show", :cmd=>"inject", :into=>"#alarm", :url=>"/admin/alarm/index", :customer=>"1"}
2019-12-04 21:16:52 +0900:[20054]:exec: path=/admin/alarm/new params={}
2019-12-04 21:16:52 +0900:[20054]:Alarm::public_index_post: {:on=>"click", :cmd=>"inject", :into=>"#alarm_top", :stage=>"2", :url=>"/admin/alarm/new", :customer=>"1", :get_form=>"true", :form=>{:scheduled_for=>"2019-12-27", :content=>"test2"}}
2019-12-04 21:17:37 +0900:[21073]:exec: path=/admin/detail params={"id"=>"1"}
2019-12-04 21:17:37 +0900:[21073]:pubilc_detail_page: {"id"=>"1"}
2019-12-04 21:17:39 +0900:[21073]:exec: path=/admin/order/index params={}
2019-12-04 21:17:39 +0900:[21073]:no such Ezframe class: ["admin", "order"]
2019-12-04 21:17:40 +0900:[21073]:exec: path=/admin/alarm/index params={}
2019-12-04 21:17:40 +0900:[21073]:Alarm::public_index_post: {:on=>"show", :cmd=>"inject", :into=>"#alarm", :url=>"/admin/alarm/index", :customer=>"1"}
2019-12-04 21:17:44 +0900:[21073]:exec: path=/admin/alarm/new params={}
2019-12-04 21:17:44 +0900:[21073]:Alarm::public_index_post: {:on=>"click", :cmd=>"inject", :into=>"#alarm_top", :stage=>"2", :url=>"/admin/alarm/new", :customer=>"1", :get_form=>"true", :form=>{:scheduled_for=>"2019-12-23", :content=>"test3"}}
2019-12-04 21:19:45 +0900:[21285]:exec: path=/admin/detail params={"id"=>"1"}
2019-12-04 21:19:45 +0900:[21285]:pubilc_detail_page: {"id"=>"1"}
2019-12-04 21:19:48 +0900:[21285]:exec: path=/admin/order/index params={}
2019-12-04 21:19:48 +0900:[21285]:no such Ezframe class: ["admin", "order"]
2019-12-04 21:19:48 +0900:[21285]:exec: path=/admin/alarm/index params={}
2019-12-04 21:19:48 +0900:[21285]:Alarm::public_index_post: {:on=>"show", :cmd=>"inject", :into=>"#alarm", :url=>"/admin/alarm/index", :customer=>"1"}
2019-12-04 21:20:16 +0900:[21446]:exec: path=/admin/detail params={"id"=>"1"}
2019-12-04 21:20:16 +0900:[21446]:pubilc_detail_page: {"id"=>"1"}
2019-12-04 21:20:18 +0900:[21446]:exec: path=/admin/order/index params={}
2019-12-04 21:20:18 +0900:[21446]:no such Ezframe class: ["admin", "order"]
2019-12-04 21:20:18 +0900:[21446]:exec: path=/admin/alarm/index params={}
2019-12-04 21:20:18 +0900:[21446]:Alarm::public_index_post: {:on=>"show", :cmd=>"inject", :into=>"#alarm", :url=>"/admin/alarm/index", :customer=>"1"}
2019-12-04 21:21:30 +0900:[21638]:exec: path=/admin/detail params={"id"=>"1"}
2019-12-04 21:21:30 +0900:[21638]:pubilc_detail_page: {"id"=>"1"}
2019-12-04 21:21:32 +0900:[21638]:exec: path=/admin/order/index params={}
2019-12-04 21:21:32 +0900:[21638]:no such Ezframe class: ["admin", "order"]
2019-12-04 21:21:33 +0900:[21638]:exec: path=/admin/alarm/index params={}
2019-12-04 21:21:33 +0900:[21638]:Alarm::public_index_post: {:on=>"show", :cmd=>"inject", :into=>"#alarm", :url=>"/admin/alarm/index", :customer=>"1"}
2019-12-04 21:23:42 +0900:[22021]:exec: path=/admin/detail params={"id"=>"1"}
2019-12-04 21:23:42 +0900:[22021]:pubilc_detail_page: {"id"=>"1"}
2019-12-04 21:23:44 +0900:[22021]:exec: path=/admin/order/index params={}
2019-12-04 21:23:44 +0900:[22021]:no such Ezframe class: ["admin", "order"]
2019-12-04 21:23:44 +0900:[22021]:exec: path=/admin/alarm/index params={}
2019-12-04 21:23:44 +0900:[22021]:Alarm::public_index_post: {:on=>"show", :cmd=>"inject", :into=>"#alarm", :url=>"/admin/alarm/index", :customer=>"1"}
2019-12-04 21:25:04 +0900:[22021]:exec: path=/admin/detail params={"id"=>"1"}
2019-12-04 21:25:04 +0900:[22021]:pubilc_detail_page: {"id"=>"1"}
2019-12-04 21:25:07 +0900:[22021]:exec: path=/admin/order/index params={}
2019-12-04 21:25:07 +0900:[22021]:no such Ezframe class: ["admin", "order"]
2019-12-04 21:25:08 +0900:[22021]:exec: path=/admin/alarm/index params={}
2019-12-04 21:25:08 +0900:[22021]:Alarm::public_index_post: {:on=>"show", :cmd=>"inject", :into=>"#alarm", :url=>"/admin/alarm/index", :customer=>"1"}
