2019-12-05 13:34:25 +0900:[23700]:create_one_table: col_h={:id=>nil, :issue=>"string", :status=>"string", :created_at=>"datetime", :updated_at=>"datetime"}
2019-12-05 13:34:25 +0900:[23700]:*** #<SQLite3::SQLException: table todo already exists>
["/home/kamachi/work/ezframe/example/todo/vendor/bundle/ruby/2.5.0/gems/sqlite3-1.4.1/lib/sqlite3/database.rb:147:in `initialize'", "/home/kamachi/work/ezframe/example/todo/vendor/bundle/ruby/2.5.0/gems/sqlite3-1.4.1/lib/sqlite3/database.rb:147:in `new'", "/home/kamachi/work/ezframe/example/todo/vendor/bundle/ruby/2.5.0/gems/sqlite3-1.4.1/lib/sqlite3/database.rb:147:in `prepare'", "/home/kamachi/work/ezframe/example/todo/vendor/bundle/ruby/2.5.0/gems/sqlite3-1.4.1/lib/sqlite3/database.rb:269:in `execute_batch'", "/home/kamachi/work/ezframe/example/todo/vendor/bundle/ruby/2.5.0/gems/sequel-0.5.0.2/lib/sequel/adapters/sqlite.rb:41:in `block in execute'", "/home/kamachi/work/ezframe/example/todo/vendor/bundle/ruby/2.5.0/gems/sequel-0.5.0.2/lib/sequel/connection_pool.rb:62:in `hold'", "/home/kamachi/work/ezframe/example/todo/vendor/bundle/ruby/2.5.0/gems/sequel-0.5.0.2/lib/sequel/adapters/sqlite.rb:41:in `execute'", "/home/kamachi/work/ezframe/example/todo/vendor/bundle/ruby/2.5.0/gems/sequel-0.5.0.2/lib/sequel/database.rb:177:in `block in create_table'", "/home/kamachi/work/ezframe/example/todo/vendor/bundle/ruby/2.5.0/gems/sequel-0.5.0.2/lib/sequel/database.rb:177:in `each'", "/home/kamachi/work/ezframe/example/todo/vendor/bundle/ruby/2.5.0/gems/sequel-0.5.0.2/lib/sequel/database.rb:177:in `create_table'", "/home/kamachi/work/ezframe/lib/ezframe/database.rb:29:in `create_table'", "/home/kamachi/work/ezframe/lib/ezframe/model.rb:72:in `create_one_table'", "/home/kamachi/work/ezframe/lib/ezframe/model.rb:62:in `block in create_tables'", "/home/kamachi/work/ezframe/lib/ezframe/model.rb:60:in `each'", "/home/kamachi/work/ezframe/lib/ezframe/model.rb:60:in `create_tables'", "../../exe/create_table.rb:11:in `<main>'"]
2019-12-05 13:35:04 +0900:[23719]:create_one_table: col_h={:id=>nil, :issue=>"string", :status=>"string", :created_at=>"datetime", :updated_at=>"datetime"}
2019-12-05 13:35:04 +0900:[23719]:*** #<SQLite3::SQLException: table todo already exists>
["/home/kamachi/work/ezframe/example/todo/vendor/bundle/ruby/2.5.0/gems/sqlite3-1.4.1/lib/sqlite3/database.rb:147:in `initialize'", "/home/kamachi/work/ezframe/example/todo/vendor/bundle/ruby/2.5.0/gems/sqlite3-1.4.1/lib/sqlite3/database.rb:147:in `new'", "/home/kamachi/work/ezframe/example/todo/vendor/bundle/ruby/2.5.0/gems/sqlite3-1.4.1/lib/sqlite3/database.rb:147:in `prepare'", "/home/kamachi/work/ezframe/example/todo/vendor/bundle/ruby/2.5.0/gems/sqlite3-1.4.1/lib/sqlite3/database.rb:269:in `execute_batch'", "/home/kamachi/work/ezframe/example/todo/vendor/bundle/ruby/2.5.0/gems/sequel-0.5.0.2/lib/sequel/adapters/sqlite.rb:41:in `block in execute'", "/home/kamachi/work/ezframe/example/todo/vendor/bundle/ruby/2.5.0/gems/sequel-0.5.0.2/lib/sequel/connection_pool.rb:62:in `hold'", "/home/kamachi/work/ezframe/example/todo/vendor/bundle/ruby/2.5.0/gems/sequel-0.5.0.2/lib/sequel/adapters/sqlite.rb:41:in `execute'", "/home/kamachi/work/ezframe/example/todo/vendor/bundle/ruby/2.5.0/gems/sequel-0.5.0.2/lib/sequel/database.rb:177:in `block in create_table'", "/home/kamachi/work/ezframe/example/todo/vendor/bundle/ruby/2.5.0/gems/sequel-0.5.0.2/lib/sequel/database.rb:177:in `each'", "/home/kamachi/work/ezframe/example/todo/vendor/bundle/ruby/2.5.0/gems/sequel-0.5.0.2/lib/sequel/database.rb:177:in `create_table'", "/home/kamachi/work/ezframe/lib/ezframe/database.rb:29:in `create_table'", "/home/kamachi/work/ezframe/lib/ezframe/model.rb:72:in `create_one_table'", "/home/kamachi/work/ezframe/lib/ezframe/model.rb:62:in `block in create_tables'", "/home/kamachi/work/ezframe/lib/ezframe/model.rb:60:in `each'", "/home/kamachi/work/ezframe/lib/ezframe/model.rb:60:in `create_tables'", "../../exe/create_table.rb:11:in `<main>'"]
2019-12-05 13:38:40 +0900:[24083]:exec: path=/ params={}
2019-12-05 13:38:48 +0900:[24083]:exec: path=/app params={}
2019-12-05 13:41:21 +0900:[24585]:exec: path=/app params={}
2019-12-05 13:41:21 +0900:[24585]:{"tag":null,"child":[{"tag":"input","type":"text","name":"issue","key":"issue","label":"内容","value":null},{"tag":"button","type":"button","child":"send","event":"on=click:cmd=open:goto=/app/index:get_form=true"}]}
2019-12-05 13:42:09 +0900:[24734]:exec: path=/app params={}
2019-12-05 13:42:09 +0900:[24734]:{"tag":"form","child":[{"tag":"input","type":"text","name":"issue","key":"issue","label":"内容","value":null},{"tag":"button","type":"button","child":"send","event":"on=click:cmd=open:goto=/app/index:get_form=true"}]}
2019-12-05 13:43:37 +0900:[24780]:exec: path=/app params={}
2019-12-05 13:43:37 +0900:[24780]:{"tag":"form","child":[{"tag":"input","type":"text","name":"issue","key":"issue","label":"内容","value":null},{"tag":"button","type":"button","child":"send","event":"on=click:cmd=open:goto=/app/index:get_form=true"}]}
2019-12-05 13:45:04 +0900:[24780]:exec: path=/app params={}
2019-12-05 13:45:04 +0900:[24780]:no such method: public_default_post
2019-12-05 13:45:04 +0900:[24780]:{"tag":"form","child":[{"tag":"input","type":"text","name":"issue","key":"issue","label":"内容","value":null},{"tag":"button","type":"button","child":"send","event":"on=click:cmd=open:goto=/app/index:get_form=true"}]}
2019-12-05 13:45:31 +0900:[25114]:exec: path=/app params={}
2019-12-05 13:45:31 +0900:[25114]:{"tag":"form","child":[{"tag":"input","type":"text","name":"issue","key":"issue","label":"内容","value":null},{"tag":"button","type":"button","class":["btn"],"child":"send","event":"on=click:cmd=open:goto=/app/index:get_form=true"}]}
2019-12-05 13:45:33 +0900:[25114]:exec: path=/app params={}
2019-12-05 13:45:33 +0900:[25114]:no such method: public_default_post
2019-12-05 13:45:33 +0900:[25114]:{"tag":"form","child":[{"tag":"input","type":"text","name":"issue","key":"issue","label":"内容","value":null},{"tag":"button","type":"button","class":["btn"],"child":"send","event":"on=click:cmd=open:goto=/app/index:get_form=true"}]}
2019-12-05 13:46:28 +0900:[25310]:exec: path=/app params={}
2019-12-05 13:46:28 +0900:[25310]:{"tag":"form","child":[{"tag":"input","type":"text","name":"issue","key":"issue","label":"内容","value":null},{"tag":"button","type":"button","class":["btn"],"child":"send","event":"on=click:cmd=open:goto=/app/index:get_form=true"}]}
2019-12-05 13:46:30 +0900:[25310]:exec: path=/app params={}
2019-12-05 13:46:30 +0900:[25310]:public_index_post: {:on=>"click", :cmd=>"open", :goto=>"/app/index", :get_form=>"true", :url=>"/app", :form=>{:issue=>"test"}}
2019-12-05 13:50:25 +0900:[25582]:exec: path=/app params={}
2019-12-05 13:50:25 +0900:[25582]:{"tag":"form","child":[{"tag":"input","type":"text","name":"issue","key":"issue","label":"内容","value":null},{"tag":"button","type":"button","class":["btn"],"child":"send","event":"on=click:cmd=open:goto=/app/index:get_form=true"}]}
2019-12-05 13:50:27 +0900:[25582]:exec: path=/app params={}
2019-12-05 13:50:27 +0900:[25582]:public_index_post: {:on=>"click", :cmd=>"open", :goto=>"/app/index", :get_form=>"true", :url=>"/app", :form=>{:issue=>"test"}}
2019-12-05 13:50:27 +0900:[25582]:exec: path=/app/index params={}
2019-12-05 13:50:27 +0900:[25582]:{"tag":"form","child":[{"tag":"input","type":"text","name":"issue","key":"issue","label":"内容","value":null},{"tag":"button","type":"button","class":["btn"],"child":"send","event":"on=click:cmd=open:goto=/app/index:get_form=true"}]}
2019-12-05 13:50:55 +0900:[25628]:exec: path=/app params={}
2019-12-05 13:50:55 +0900:[25628]:{"tag":"form","child":[{"tag":"input","type":"text","name":"issue","key":"issue","label":"内容","value":null},{"tag":"button","type":"button","class":["btn"],"child":"send","event":"on=click:cmd=open:goto=/app/index:get_form=true"}]}
2019-12-05 13:50:57 +0900:[25628]:exec: path=/app params={}
2019-12-05 13:50:57 +0900:[25628]:public_index_post: {:on=>"click", :cmd=>"open", :goto=>"/app/index", :get_form=>"true", :url=>"/app", :form=>{:issue=>"test"}}
2019-12-05 13:50:57 +0900:[25628]:exec: path=/app/index params={}
2019-12-05 13:50:57 +0900:[25628]:{"tag":"form","child":[{"tag":"input","type":"text","name":"issue","key":"issue","label":"内容","value":null},{"tag":"button","type":"button","class":["btn"],"child":"send","event":"on=click:cmd=open:goto=/app/index:get_form=true"}]}
2019-12-05 13:54:17 +0900:[25849]:create_one_table: col_h={:id=>nil, :issue=>"string", :status=>"string", :created_at=>"datetime", :updated_at=>"datetime"}
2019-12-05 13:59:00 +0900:[29136]:exec: path=/admin params={}
2019-12-05 13:59:00 +0900:[29136]:no such Ezframe class: ["admin"]
2019-12-05 13:59:06 +0900:[29136]:exec: path=/app params={}
2019-12-05 13:59:06 +0900:[29136]:{"tag":"form","child":[{"tag":"input","type":"text","name":"issue","key":"issue","label":"内容","value":null},{"tag":"button","type":"button","class":["btn"],"child":"send","event":"on=click:cmd=open:goto=/app/index:get_form=true"}]}
2019-12-05 13:59:17 +0900:[29245]:exec: path=/app params={}
2019-12-05 13:59:17 +0900:[29245]:{"tag":"form","child":[{"tag":"input","type":"text","name":"issue","key":"issue","label":"内容","value":null},{"tag":"button","type":"button","class":["btn"],"child":"send","event":"on=click:cmd=open:goto=/app/index:get_form=true"}]}
2019-12-05 13:59:20 +0900:[29245]:exec: path=/app params={}
2019-12-05 13:59:20 +0900:[29245]:public_index_post: {:on=>"click", :cmd=>"open", :goto=>"/app/index", :get_form=>"true", :url=>"/app", :form=>{:issue=>"test"}}
2019-12-05 13:59:20 +0900:[29245]:exec: path=/app/index params={}
2019-12-05 13:59:20 +0900:[29245]:{"tag":"form","child":[{"tag":"input","type":"text","name":"issue","key":"issue","label":"内容","value":null},{"tag":"button","type":"button","class":["btn"],"child":"send","event":"on=click:cmd=open:goto=/app/index:get_form=true"}]}
2019-12-05 13:59:23 +0900:[29245]:exec: path=/app/index params={}
2019-12-05 13:59:23 +0900:[29245]:public_index_post: {:on=>"click", :cmd=>"open", :goto=>"/app/index", :get_form=>"true", :url=>"/app/index", :form=>{:issue=>"test2"}}
2019-12-05 13:59:23 +0900:[29245]:exec: path=/app/index params={}
2019-12-05 13:59:23 +0900:[29245]:{"tag":"form","child":[{"tag":"input","type":"text","name":"issue","key":"issue","label":"内容","value":null},{"tag":"button","type":"button","class":["btn"],"child":"send","event":"on=click:cmd=open:goto=/app/index:get_form=true"}]}
2019-12-05 14:01:37 +0900:[30109]:exec: path=/app/index params={}
2019-12-05 14:01:37 +0900:[30109]:{"tag":"form","child":[{"tag":"input","type":"text","name":"issue","key":"issue","label":"内容","value":null},{"tag":"button","type":"button","class":["btn"],"child":"send","event":"on=click:cmd=open:goto=/app/index:get_form=true"}]}
2019-12-05 14:01:40 +0900:[30109]:exec: path=/app/index params={}
2019-12-05 14:01:40 +0900:[30109]:public_index_post: {:on=>"click", :cmd=>"open", :goto=>"/app/index", :get_form=>"true", :url=>"/app/index", :form=>{:issue=>"test"}}
2019-12-05 14:01:53 +0900:[30209]:exec: path=/app/index params={}
2019-12-05 14:01:53 +0900:[30209]:{"tag":"form","child":[{"tag":"input","type":"text","name":"issue","key":"issue","label":"内容","value":null},{"tag":"button","type":"button","class":["btn"],"child":"send","event":"on=click:cmd=open:goto=/app/index:get_form=true"}]}
2019-12-05 14:01:56 +0900:[30209]:exec: path=/app/index params={}
2019-12-05 14:01:56 +0900:[30209]:public_index_post: {:on=>"click", :cmd=>"open", :goto=>"/app/index", :get_form=>"true", :url=>"/app/index", :form=>{:issue=>"test2"}}
2019-12-05 14:01:56 +0900:[30209]:exec: path=/app/index params={}
2019-12-05 14:01:56 +0900:[30209]:{"tag":"form","child":[{"tag":"input","type":"text","name":"issue","key":"issue","label":"内容","value":null},{"tag":"button","type":"button","class":["btn"],"child":"send","event":"on=click:cmd=open:goto=/app/index:get_form=true"}]}
2019-12-05 14:01:58 +0900:[30209]:exec: path=/app/index params={}
2019-12-05 14:01:58 +0900:[30209]:public_index_post: {:on=>"click", :cmd=>"open", :goto=>"/app/index", :get_form=>"true", :url=>"/app/index", :form=>{:issue=>"test3"}}
2019-12-05 14:01:59 +0900:[30209]:exec: path=/app/index params={}
2019-12-05 14:01:59 +0900:[30209]:{"tag":"form","child":[{"tag":"input","type":"text","name":"issue","key":"issue","label":"内容","value":null},{"tag":"button","type":"button","class":["btn"],"child":"send","event":"on=click:cmd=open:goto=/app/index:get_form=true"}]}
2019-12-05 14:02:00 +0900:[30209]:exec: path=/app/index params={}
2019-12-05 14:02:00 +0900:[30209]:public_index_post: {:on=>"click", :cmd=>"open", :goto=>"/app/index", :get_form=>"true", :url=>"/app/index", :form=>{:issue=>""}}
2019-12-05 14:02:00 +0900:[30209]:exec: path=/app/index params={}
2019-12-05 14:02:00 +0900:[30209]:{"tag":"form","child":[{"tag":"input","type":"text","name":"issue","key":"issue","label":"内容","value":null},{"tag":"button","type":"button","class":["btn"],"child":"send","event":"on=click:cmd=open:goto=/app/index:get_form=true"}]}
2019-12-05 14:02:02 +0900:[30209]:exec: path=/app/index params={}
2019-12-05 14:02:02 +0900:[30209]:public_index_post: {:on=>"click", :cmd=>"open", :goto=>"/app/index", :get_form=>"true", :url=>"/app/index", :form=>{:issue=>"test4"}}
2019-12-05 14:02:02 +0900:[30209]:exec: path=/app/index params={}
2019-12-05 14:02:02 +0900:[30209]:{"tag":"form","child":[{"tag":"input","type":"text","name":"issue","key":"issue","label":"内容","value":null},{"tag":"button","type":"button","class":["btn"],"child":"send","event":"on=click:cmd=open:goto=/app/index:get_form=true"}]}
